<?xml version="1.0" encoding="UTF-8"?>
<!-- Generated by org.testng.reporters.JUnitXMLReporter -->
<testsuite hostname="DESKTOP-1T2AMDB" ignored="8" name="Default test" tests="1" failures="0" timestamp="2021-03-09T20:40:27 IST" time="0.234" errors="0">
  <testcase name="AnagramString" time="0.041" classname="BasicPrograms.StringOperations"/>
  <testcase name="Stringcharcount" time="0.0" classname="BasicPrograms.StringOperations">
    <ignored/>
  </testcase> <!-- Stringcharcount -->
  <testcase name="occurrenceOfCharacterInString" time="0.0" classname="BasicPrograms.StringOperations">
    <ignored/>
  </testcase> <!-- occurrenceOfCharacterInString -->
  <testcase name="reverseStringUsingStrigBuffer" time="0.0" classname="BasicPrograms.StringOperations">
    <ignored/>
  </testcase> <!-- reverseStringUsingStrigBuffer -->
  <testcase name="removeWhitespaces" time="0.0" classname="BasicPrograms.StringOperations">
    <ignored/>
  </testcase> <!-- removeWhitespaces -->
  <testcase name="reverseStringUsingStrigBuilder" time="0.0" classname="BasicPrograms.StringOperations">
    <ignored/>
  </testcase> <!-- reverseStringUsingStrigBuilder -->
  <testcase name="CharToStringandStringToChar" time="0.0" classname="BasicPrograms.StringOperations">
    <ignored/>
  </testcase> <!-- CharToStringandStringToChar -->
  <testcase name="StringSort" time="0.0" classname="BasicPrograms.StringOperations">
    <ignored/>
  </testcase> <!-- StringSort -->
  <testcase name="reverseStringUsingListIterator" time="0.0" classname="BasicPrograms.StringOperations">
    <ignored/>
  </testcase> <!-- reverseStringUsingListIterator -->
</testsuite> <!-- Default test -->
