<?xml version="1.0" encoding="UTF-8"?>
<!-- Generated by org.testng.reporters.JUnitXMLReporter -->
<testsuite hostname="DESKTOP-1T2AMDB" ignored="4" name="Test" tests="10" failures="1" timestamp="2021-02-07T18:27:05 IST" time="253.139" errors="0">
  <testcase name="ProductSelection" time="4.401" classname="TestCases.Home_AddToCart_CheckProduct_003">
    <skipped/>
  </testcase> <!-- ProductSelection -->
  <testcase name="ProductSelection" time="10.06" classname="TestCases.Home_AddToCart_CheckProduct_003">
    <skipped/>
  </testcase> <!-- ProductSelection -->
  <testcase name="ProductSelection" time="10.409" classname="TestCases.Home_AddToCart_CheckProduct_003">
    <failure type="org.openqa.selenium.ElementNotInteractableException" message="element not interactable
  (Session info: chrome=88.0.4324.146)
Build info: version: &amp;apos;3.141.59&amp;apos;, revision: &amp;apos;e82be7d358&amp;apos;, time: &amp;apos;2018-11-14T08:17:03&amp;apos;
System info: host: &amp;apos;DESKTOP-1T2AMDB&amp;apos;, ip: &amp;apos;192.168.0.4&amp;apos;, os.name: &amp;apos;Windows 10&amp;apos;, os.arch: &amp;apos;amd64&amp;apos;, os.version: &amp;apos;10.0&amp;apos;, java.version: &amp;apos;1.8.0_251&amp;apos;
Driver info: org.openqa.selenium.chrome.ChromeDriver
Capabilities {acceptInsecureCerts: false, browserName: chrome, browserVersion: 88.0.4324.146, chrome: {chromedriverVersion: 88.0.4324.96 (68dba2d8a0b14..., userDataDir: C:\Users\YashPooja\AppData\...}, goog:chromeOptions: {debuggerAddress: localhost:49945}, javascriptEnabled: true, networkConnectionEnabled: false, pageLoadStrategy: normal, platform: WINDOWS, platformName: WINDOWS, proxy: Proxy(), setWindowRect: true, strictFileInteractability: false, timeouts: {implicit: 0, pageLoad: 300000, script: 30000}, unhandledPromptBehavior: dismiss and notify, webauthn:extension:largeBlob: true, webauthn:virtualAuthenticators: true}
Session ID: dd6a34056e14adefcbe3a75ce9aaf8d6">
      <![CDATA[org.openqa.selenium.ElementNotInteractableException: element not interactable
  (Session info: chrome=88.0.4324.146)
Build info: version: '3.141.59', revision: 'e82be7d358', time: '2018-11-14T08:17:03'
System info: host: 'DESKTOP-1T2AMDB', ip: '192.168.0.4', os.name: 'Windows 10', os.arch: 'amd64', os.version: '10.0', java.version: '1.8.0_251'
Driver info: org.openqa.selenium.chrome.ChromeDriver
Capabilities {acceptInsecureCerts: false, browserName: chrome, browserVersion: 88.0.4324.146, chrome: {chromedriverVersion: 88.0.4324.96 (68dba2d8a0b14..., userDataDir: C:\Users\YashPooja\AppData\...}, goog:chromeOptions: {debuggerAddress: localhost:49945}, javascriptEnabled: true, networkConnectionEnabled: false, pageLoadStrategy: normal, platform: WINDOWS, platformName: WINDOWS, proxy: Proxy(), setWindowRect: true, strictFileInteractability: false, timeouts: {implicit: 0, pageLoad: 300000, script: 30000}, unhandledPromptBehavior: dismiss and notify, webauthn:extension:largeBlob: true, webauthn:virtualAuthenticators: true}
Session ID: dd6a34056e14adefcbe3a75ce9aaf8d6
at org.openqa.selenium.remote.http.W3CHttpResponseCodec.createException(W3CHttpResponseCodec.java:187)
at org.openqa.selenium.remote.http.W3CHttpResponseCodec.decode(W3CHttpResponseCodec.java:122)
at org.openqa.selenium.remote.http.W3CHttpResponseCodec.decode(W3CHttpResponseCodec.java:49)
at org.openqa.selenium.remote.HttpCommandExecutor.execute(HttpCommandExecutor.java:158)
at org.openqa.selenium.remote.service.DriverCommandExecutor.execute(DriverCommandExecutor.java:83)
at org.openqa.selenium.remote.RemoteWebDriver.execute(RemoteWebDriver.java:552)
at org.openqa.selenium.remote.RemoteWebElement.execute(RemoteWebElement.java:285)
at org.openqa.selenium.remote.RemoteWebElement.click(RemoteWebElement.java:84)
at org.openqa.selenium.support.pagefactory.internal.LocatingElementHandler.invoke(LocatingElementHandler.java:51)
at com.sun.proxy.$Proxy24.click(Unknown Source)
at TestCases.Home_AddToCart_CheckProduct_003.ProductSelection(Home_AddToCart_CheckProduct_003.java:28)
at java.util.concurrent.ThreadPoolExecutor.runWorker(ThreadPoolExecutor.java:1149)
at java.util.concurrent.ThreadPoolExecutor$Worker.run(ThreadPoolExecutor.java:624)
at java.lang.Thread.run(Thread.java:748)
... Removed 20 stack frames]]>
    </failure>
  </testcase> <!-- ProductSelection -->
  <testcase name="completeRegistraion" time="63.186" classname="TestCases.Home_Sign_Registration_004"/>
  <testcase name="verifyDressPage" time="5.558" classname="TestCases.Dress_VerifyPageTitle_001"/>
  <testcase name="verifyContactUseLink" time="7.301" classname="TestCases.Home_Contactus_PageVerification_001"/>
  <testcase name="VerifyWomenPageSection" time="9.153" classname="TestCases.Women_VerifyWomensPage_001"/>
  <testcase name="verifySortByDropDowm" time="6.652" classname="TestCases.Women_VerifyWomensPage_001"/>
  <testcase name="verifyCartButtonWithoutProduct" time="4.147" classname="TestCases.Home_CartButton_Verification_002"/>
  <testcase name="verifyMyAccountFooterLinks" time="47.794" classname="TestCases.Home_Footer_InformationLinks_Verification_004"/>
  <testcase name="verifyCartButtonWithProduct" time="0.0" classname="TestCases.Home_CartButton_Verification_002">
    <ignored/>
  </testcase> <!-- verifyCartButtonWithProduct -->
  <testcase name="sendMessage_UploadusingSendKeys" time="0.0" classname="TestCases.Home_Contactus_PageVerification_001">
    <ignored/>
  </testcase> <!-- sendMessage_UploadusingSendKeys -->
  <testcase name="Monster_FileUploadUsingRobotClass" time="0.0" classname="TestCases.Home_Contactus_PageVerification_001">
    <ignored/>
  </testcase> <!-- Monster_FileUploadUsingRobotClass -->
  <testcase name="homeButtonVerification" time="0.0" classname="TestCases.Home_Contactus_PageVerification_001">
    <ignored/>
  </testcase> <!-- homeButtonVerification -->
</testsuite> <!-- Test -->
