<?xml version="1.0" encoding="UTF-8"?>
<testsuite name="TestSuite" time="87.085" tests="10" errors="0" skipped="2" failures="1">
  <properties>
[...]
</properties>
  <testcase name="ProductSelection" classname="TestCases.Home_AddToCart_CheckProduct_003" time="0">
    <skipped/>
    <system-out><![CDATA[$16.51

]]></system-out>
    <system-err><![CDATA[Feb 07, 2021 6:22:50 PM org.openqa.selenium.remote.DesiredCapabilities chrome
INFO: Using `new ChromeOptions()` is preferred to `DesiredCapabilities.chrome()`
Feb 07, 2021 6:22:50 PM org.openqa.selenium.remote.DesiredCapabilities chrome
INFO: Using `new ChromeOptions()` is preferred to `DesiredCapabilities.chrome()`
Starting ChromeDriver 88.0.4324.96 (68dba2d8a0b149a1d3afac56fa74648032bcf46b-refs/branch-heads/4324@{#1784}) on port 6038
Only local connections are allowed.
Please see https://chromedriver.chromium.org/security-considerations for suggestions on keeping ChromeDriver safe.
ChromeDriver was started successfully.
Starting ChromeDriver 88.0.4324.96 (68dba2d8a0b149a1d3afac56fa74648032bcf46b-refs/branch-heads/4324@{#1784}) on port 3206
Only local connections are allowed.
Please see https://chromedriver.chromium.org/security-considerations for suggestions on keeping ChromeDriver safe.
ChromeDriver was started successfully.
Feb 07, 2021 6:23:17 PM org.openqa.selenium.remote.ProtocolHandshake createSession
INFO: Detected dialect: W3C
Feb 07, 2021 6:23:17 PM org.openqa.selenium.remote.ProtocolHandshake createSession
INFO: Detected dialect: W3C
]]></system-err>
  </testcase>
  <testcase name="ProductSelection" classname="TestCases.Home_AddToCart_CheckProduct_003" time="0">
    <skipped/>
    <system-out><![CDATA[
Generated Radom number 8567
]]></system-out>
  </testcase>
  <testcase name="ProductSelection" classname="TestCases.Home_AddToCart_CheckProduct_003" time="17.078">
    <failure message="element not interactable&#10;  (Session info: chrome=88.0.4324.146)&#10;Build info: version: &apos;3.141.59&apos;, revision: &apos;e82be7d358&apos;, time: &apos;2018-11-14T08:17:03&apos;&#10;System info: host: &apos;DESKTOP-1T2AMDB&apos;, ip: &apos;192.168.0.4&apos;, os.name: &apos;Windows 10&apos;, os.arch: &apos;amd64&apos;, os.version: &apos;10.0&apos;, java.version: &apos;1.8.0_251&apos;&#10;Driver info: org.openqa.selenium.chrome.ChromeDriver&#10;Capabilities {acceptInsecureCerts: false, browserName: chrome, browserVersion: 88.0.4324.146, chrome: {chromedriverVersion: 88.0.4324.96 (68dba2d8a0b14..., userDataDir: C:\Users\YashPooja\AppData\...}, goog:chromeOptions: {debuggerAddress: localhost:49945}, javascriptEnabled: true, networkConnectionEnabled: false, pageLoadStrategy: normal, platform: WINDOWS, platformName: WINDOWS, proxy: Proxy(), setWindowRect: true, strictFileInteractability: false, timeouts: {implicit: 0, pageLoad: 300000, script: 30000}, unhandledPromptBehavior: dismiss and notify, webauthn:extension:largeBlob: true, webauthn:virtualAuthenticators: true}&#10;Session ID: dd6a34056e14adefcbe3a75ce9aaf8d6" type="org.openqa.selenium.ElementNotInteractableException">org.openqa.selenium.ElementNotInteractableException: element not interactable
  (Session info: chrome=88.0.4324.146)
Build info: version: '3.141.59', revision: 'e82be7d358', time: '2018-11-14T08:17:03'
System info: host: 'DESKTOP-1T2AMDB', ip: '192.168.0.4', os.name: 'Windows 10', os.arch: 'amd64', os.version: '10.0', java.version: '1.8.0_251'
Driver info: org.openqa.selenium.chrome.ChromeDriver
Capabilities {acceptInsecureCerts: false, browserName: chrome, browserVersion: 88.0.4324.146, chrome: {chromedriverVersion: 88.0.4324.96 (68dba2d8a0b14..., userDataDir: C:\Users\YashPooja\AppData\...}, goog:chromeOptions: {debuggerAddress: localhost:49945}, javascriptEnabled: true, networkConnectionEnabled: false, pageLoadStrategy: normal, platform: WINDOWS, platformName: WINDOWS, proxy: Proxy(), setWindowRect: true, strictFileInteractability: false, timeouts: {implicit: 0, pageLoad: 300000, script: 30000}, unhandledPromptBehavior: dismiss and notify, webauthn:extension:largeBlob: true, webauthn:virtualAuthenticators: true}
Session ID: dd6a34056e14adefcbe3a75ce9aaf8d6
	at sun.reflect.NativeConstructorAccessorImpl.newInstance0(Native Method)
	at sun.reflect.NativeConstructorAccessorImpl.newInstance(NativeConstructorAccessorImpl.java:62)
	at sun.reflect.DelegatingConstructorAccessorImpl.newInstance(DelegatingConstructorAccessorImpl.java:45)
	at java.lang.reflect.Constructor.newInstance(Constructor.java:423)
	at org.openqa.selenium.remote.http.W3CHttpResponseCodec.createException(W3CHttpResponseCodec.java:187)
	at org.openqa.selenium.remote.http.W3CHttpResponseCodec.decode(W3CHttpResponseCodec.java:122)
	at org.openqa.selenium.remote.http.W3CHttpResponseCodec.decode(W3CHttpResponseCodec.java:49)
	at org.openqa.selenium.remote.HttpCommandExecutor.execute(HttpCommandExecutor.java:158)
	at org.openqa.selenium.remote.service.DriverCommandExecutor.execute(DriverCommandExecutor.java:83)
	at org.openqa.selenium.remote.RemoteWebDriver.execute(RemoteWebDriver.java:552)
	at org.openqa.selenium.remote.RemoteWebElement.execute(RemoteWebElement.java:285)
	at org.openqa.selenium.remote.RemoteWebElement.click(RemoteWebElement.java:84)
	at sun.reflect.NativeMethodAccessorImpl.invoke0(Native Method)
	at sun.reflect.NativeMethodAccessorImpl.invoke(NativeMethodAccessorImpl.java:62)
	at sun.reflect.DelegatingMethodAccessorImpl.invoke(DelegatingMethodAccessorImpl.java:43)
	at java.lang.reflect.Method.invoke(Method.java:498)
	at org.openqa.selenium.support.pagefactory.internal.LocatingElementHandler.invoke(LocatingElementHandler.java:51)
	at com.sun.proxy.$Proxy24.click(Unknown Source)
	at TestCases.Home_AddToCart_CheckProduct_003.ProductSelection(Home_AddToCart_CheckProduct_003.java:28)
</failure>
    <system-out><![CDATA[
Driver in getfailed step methodChromeDriver: chrome on WINDOWS (dd6a34056e14adefcbe3a75ce9aaf8d6)
Driver in Screenshot method ChromeDriver: chrome on WINDOWS (dd6a34056e14adefcbe3a75ce9aaf8d6)
]]></system-out>
  </testcase>
  <testcase name="completeRegistraion" classname="TestCases.Home_Sign_Registration_004" time="48.616"/>
  <testcase name="verifyDressPage" classname="TestCases.Dress_VerifyPageTitle_001" time="4.25"/>
  <testcase name="verifyContactUseLink" classname="TestCases.Home_Contactus_PageVerification_001" time="7.301"/>
  <testcase name="VerifyWomenPageSection" classname="TestCases.Women_VerifyWomensPage_001" time="8.978"/>
  <testcase name="verifySortByDropDowm" classname="TestCases.Women_VerifyWomensPage_001" time="6.653"/>
  <testcase name="verifyCartButtonWithoutProduct" classname="TestCases.Home_CartButton_Verification_002" time="4.146"/>
  <testcase name="verifyMyAccountFooterLinks" classname="TestCases.Home_Footer_InformationLinks_Verification_004" time="7.141"/>
</testsuite>