<?xml version="1.0" encoding="UTF-8"?>
<testng-results skipped="0" failed="1" ignored="4" retried="2" total="14" passed="7">
  <reporter-output>
  </reporter-output>
  <suite name="Suite" duration-ms="253139" started-at="2021-02-07T18:22:50 IST" finished-at="2021-02-07T18:27:03 IST">
    <groups>
    </groups>
    <test name="Test" duration-ms="253139" started-at="2021-02-07T18:22:50 IST" finished-at="2021-02-07T18:27:03 IST">
      <class name="TestCases.Home_Contactus_PageVerification_001">
        <test-method status="PASS" signature="setUp()[pri:0, instance:TestCases.Home_Contactus_PageVerification_001@6236eb5f]" name="setUp" is-config="true" duration-ms="18849" started-at="2021-02-07T18:24:43 IST" finished-at="2021-02-07T18:25:02 IST">
          <reporter-output>
          </reporter-output>
        </test-method> <!-- setUp -->
        <test-method status="PASS" signature="verifyContactUseLink()[pri:0, instance:TestCases.Home_Contactus_PageVerification_001@6236eb5f]" name="verifyContactUseLink" duration-ms="7301" started-at="2021-02-07T18:25:02 IST" finished-at="2021-02-07T18:25:09 IST">
          <reporter-output>
          </reporter-output>
        </test-method> <!-- verifyContactUseLink -->
        <test-method status="PASS" signature="tearDown()[pri:0, instance:TestCases.Home_Contactus_PageVerification_001@6236eb5f]" name="tearDown" is-config="true" duration-ms="7894" started-at="2021-02-07T18:25:09 IST" finished-at="2021-02-07T18:25:17 IST">
          <reporter-output>
          </reporter-output>
        </test-method> <!-- tearDown -->
      </class> <!-- TestCases.Home_Contactus_PageVerification_001 -->
      <class name="TestCases.Women_VerifyWomensPage_001">
        <test-method status="PASS" signature="setUp()[pri:0, instance:TestCases.Women_VerifyWomensPage_001@2118cddf]" name="setUp" is-config="true" duration-ms="28589" started-at="2021-02-07T18:25:20 IST" finished-at="2021-02-07T18:25:49 IST">
          <reporter-output>
          </reporter-output>
        </test-method> <!-- setUp -->
        <test-method status="PASS" signature="VerifyWomenPageSection()[pri:1, instance:TestCases.Women_VerifyWomensPage_001@2118cddf]" name="VerifyWomenPageSection" duration-ms="9153" started-at="2021-02-07T18:25:49 IST" finished-at="2021-02-07T18:25:58 IST">
          <reporter-output>
          </reporter-output>
        </test-method> <!-- VerifyWomenPageSection -->
        <test-method status="PASS" signature="verifySortByDropDowm()[pri:2, instance:TestCases.Women_VerifyWomensPage_001@2118cddf]" name="verifySortByDropDowm" duration-ms="6652" started-at="2021-02-07T18:25:58 IST" finished-at="2021-02-07T18:26:04 IST">
          <reporter-output>
          </reporter-output>
        </test-method> <!-- verifySortByDropDowm -->
        <test-method status="PASS" signature="tearDown()[pri:0, instance:TestCases.Women_VerifyWomensPage_001@2118cddf]" name="tearDown" is-config="true" duration-ms="10381" started-at="2021-02-07T18:26:04 IST" finished-at="2021-02-07T18:26:15 IST">
          <reporter-output>
          </reporter-output>
        </test-method> <!-- tearDown -->
      </class> <!-- TestCases.Women_VerifyWomensPage_001 -->
      <class name="TestCases.Home_Sign_Registration_004">
        <test-method status="PASS" signature="setUp()[pri:0, instance:TestCases.Home_Sign_Registration_004@394a2528]" name="setUp" is-config="true" duration-ms="40448" started-at="2021-02-07T18:22:50 IST" finished-at="2021-02-07T18:23:30 IST">
          <reporter-output>
          </reporter-output>
        </test-method> <!-- setUp -->
        <test-method status="PASS" signature="completeRegistraion()[pri:0, instance:TestCases.Home_Sign_Registration_004@394a2528]" name="completeRegistraion" duration-ms="63186" started-at="2021-02-07T18:23:32 IST" finished-at="2021-02-07T18:24:35 IST">
          <reporter-output>
          </reporter-output>
        </test-method> <!-- completeRegistraion -->
        <test-method status="PASS" signature="tearDown()[pri:0, instance:TestCases.Home_Sign_Registration_004@394a2528]" name="tearDown" is-config="true" duration-ms="8667" started-at="2021-02-07T18:24:35 IST" finished-at="2021-02-07T18:24:44 IST">
          <reporter-output>
          </reporter-output>
        </test-method> <!-- tearDown -->
      </class> <!-- TestCases.Home_Sign_Registration_004 -->
      <class name="TestCases.Home_CartButton_Verification_002">
        <test-method status="PASS" signature="setUp()[pri:0, instance:TestCases.Home_CartButton_Verification_002@76ed1b7c]" name="setUp" is-config="true" duration-ms="14634" started-at="2021-02-07T18:26:15 IST" finished-at="2021-02-07T18:26:29 IST">
          <reporter-output>
          </reporter-output>
        </test-method> <!-- setUp -->
        <test-method status="PASS" signature="verifyCartButtonWithoutProduct()[pri:1, instance:TestCases.Home_CartButton_Verification_002@76ed1b7c]" name="verifyCartButtonWithoutProduct" duration-ms="4147" started-at="2021-02-07T18:26:29 IST" finished-at="2021-02-07T18:26:34 IST">
          <reporter-output>
          </reporter-output>
        </test-method> <!-- verifyCartButtonWithoutProduct -->
        <test-method status="PASS" signature="tearDown()[pri:0, instance:TestCases.Home_CartButton_Verification_002@76ed1b7c]" name="tearDown" is-config="true" duration-ms="3004" started-at="2021-02-07T18:26:34 IST" finished-at="2021-02-07T18:26:37 IST">
          <reporter-output>
          </reporter-output>
        </test-method> <!-- tearDown -->
      </class> <!-- TestCases.Home_CartButton_Verification_002 -->
      <class name="TestCases.Home_Footer_InformationLinks_Verification_004">
        <test-method status="PASS" signature="setUp()[pri:0, instance:TestCases.Home_Footer_InformationLinks_Verification_004@68567e20]" name="setUp" is-config="true" duration-ms="31435" started-at="2021-02-07T18:25:17 IST" finished-at="2021-02-07T18:25:49 IST">
          <reporter-output>
          </reporter-output>
        </test-method> <!-- setUp -->
        <test-method status="PASS" signature="verifyMyAccountFooterLinks()[pri:0, instance:TestCases.Home_Footer_InformationLinks_Verification_004@68567e20]" name="verifyMyAccountFooterLinks" duration-ms="47794" started-at="2021-02-07T18:25:49 IST" finished-at="2021-02-07T18:26:37 IST">
          <reporter-output>
          </reporter-output>
        </test-method> <!-- verifyMyAccountFooterLinks -->
        <test-method status="PASS" signature="tearDown()[pri:0, instance:TestCases.Home_Footer_InformationLinks_Verification_004@68567e20]" name="tearDown" is-config="true" duration-ms="26226" started-at="2021-02-07T18:26:37 IST" finished-at="2021-02-07T18:27:03 IST">
          <reporter-output>
          </reporter-output>
        </test-method> <!-- tearDown -->
      </class> <!-- TestCases.Home_Footer_InformationLinks_Verification_004 -->
      <class name="TestCases.Home_AddToCart_CheckProduct_003">
        <test-method status="PASS" signature="setUp()[pri:0, instance:TestCases.Home_AddToCart_CheckProduct_003@11fc564b]" name="setUp" is-config="true" duration-ms="40448" started-at="2021-02-07T18:22:50 IST" finished-at="2021-02-07T18:23:30 IST">
          <reporter-output>
          </reporter-output>
        </test-method> <!-- setUp -->
        <test-method status="SKIP" signature="ProductSelection()[pri:0, instance:TestCases.Home_AddToCart_CheckProduct_003@11fc564b]" name="ProductSelection" duration-ms="4401" retried="true" started-at="2021-02-07T18:23:32 IST" finished-at="2021-02-07T18:23:36 IST">
          <exception class="java.lang.AssertionError">
            <message>
              <![CDATA[expected [] but found [$16.51]]]>
            </message>
            <full-stacktrace>
              <![CDATA[java.lang.AssertionError: expected [] but found [$16.51]
at org.testng.Assert.fail(Assert.java:97)
at org.testng.Assert.assertEqualsImpl(Assert.java:136)
at org.testng.Assert.assertEquals(Assert.java:118)
at org.testng.Assert.assertEquals(Assert.java:575)
at org.testng.Assert.assertEquals(Assert.java:585)
at TestCases.Home_AddToCart_CheckProduct_003.ProductSelection(Home_AddToCart_CheckProduct_003.java:36)
at sun.reflect.NativeMethodAccessorImpl.invoke0(Native Method)
at sun.reflect.NativeMethodAccessorImpl.invoke(NativeMethodAccessorImpl.java:62)
at sun.reflect.DelegatingMethodAccessorImpl.invoke(DelegatingMethodAccessorImpl.java:43)
at java.lang.reflect.Method.invoke(Method.java:498)
at org.testng.internal.MethodInvocationHelper.invokeMethod(MethodInvocationHelper.java:133)
at org.testng.internal.TestInvoker.invokeMethod(TestInvoker.java:584)
at org.testng.internal.TestInvoker.invokeTestMethod(TestInvoker.java:172)
at org.testng.internal.MethodRunner.runInSequence(MethodRunner.java:46)
at org.testng.internal.TestInvoker$MethodInvocationAgent.invoke(TestInvoker.java:804)
at org.testng.internal.TestInvoker.invokeTestMethods(TestInvoker.java:145)
at org.testng.internal.TestMethodWorker.invokeTestMethods(TestMethodWorker.java:146)
at org.testng.internal.TestMethodWorker.run(TestMethodWorker.java:128)
at java.util.concurrent.ThreadPoolExecutor.runWorker(ThreadPoolExecutor.java:1149)
at java.util.concurrent.ThreadPoolExecutor$Worker.run(ThreadPoolExecutor.java:624)
at java.lang.Thread.run(Thread.java:748)
]]>
            </full-stacktrace>
          </exception> <!-- java.lang.AssertionError -->
          <reporter-output>
          </reporter-output>
        </test-method> <!-- ProductSelection -->
        <test-method status="SKIP" signature="ProductSelection()[pri:0, instance:TestCases.Home_AddToCart_CheckProduct_003@11fc564b]" name="ProductSelection" duration-ms="10060" retried="true" started-at="2021-02-07T18:23:36 IST" finished-at="2021-02-07T18:23:46 IST">
          <exception class="org.openqa.selenium.ElementNotInteractableException">
            <message>
              <![CDATA[element not interactable
  (Session info: chrome=88.0.4324.146)
Build info: version: '3.141.59', revision: 'e82be7d358', time: '2018-11-14T08:17:03'
System info: host: 'DESKTOP-1T2AMDB', ip: '192.168.0.4', os.name: 'Windows 10', os.arch: 'amd64', os.version: '10.0', java.version: '1.8.0_251'
Driver info: org.openqa.selenium.chrome.ChromeDriver
Capabilities {acceptInsecureCerts: false, browserName: chrome, browserVersion: 88.0.4324.146, chrome: {chromedriverVersion: 88.0.4324.96 (68dba2d8a0b14..., userDataDir: C:\Users\YashPooja\AppData\...}, goog:chromeOptions: {debuggerAddress: localhost:49945}, javascriptEnabled: true, networkConnectionEnabled: false, pageLoadStrategy: normal, platform: WINDOWS, platformName: WINDOWS, proxy: Proxy(), setWindowRect: true, strictFileInteractability: false, timeouts: {implicit: 0, pageLoad: 300000, script: 30000}, unhandledPromptBehavior: dismiss and notify, webauthn:extension:largeBlob: true, webauthn:virtualAuthenticators: true}
Session ID: dd6a34056e14adefcbe3a75ce9aaf8d6]]>
            </message>
            <full-stacktrace>
              <![CDATA[org.openqa.selenium.ElementNotInteractableException: element not interactable
  (Session info: chrome=88.0.4324.146)
Build info: version: '3.141.59', revision: 'e82be7d358', time: '2018-11-14T08:17:03'
System info: host: 'DESKTOP-1T2AMDB', ip: '192.168.0.4', os.name: 'Windows 10', os.arch: 'amd64', os.version: '10.0', java.version: '1.8.0_251'
Driver info: org.openqa.selenium.chrome.ChromeDriver
Capabilities {acceptInsecureCerts: false, browserName: chrome, browserVersion: 88.0.4324.146, chrome: {chromedriverVersion: 88.0.4324.96 (68dba2d8a0b14..., userDataDir: C:\Users\YashPooja\AppData\...}, goog:chromeOptions: {debuggerAddress: localhost:49945}, javascriptEnabled: true, networkConnectionEnabled: false, pageLoadStrategy: normal, platform: WINDOWS, platformName: WINDOWS, proxy: Proxy(), setWindowRect: true, strictFileInteractability: false, timeouts: {implicit: 0, pageLoad: 300000, script: 30000}, unhandledPromptBehavior: dismiss and notify, webauthn:extension:largeBlob: true, webauthn:virtualAuthenticators: true}
Session ID: dd6a34056e14adefcbe3a75ce9aaf8d6
at sun.reflect.NativeConstructorAccessorImpl.newInstance0(Native Method)
at sun.reflect.NativeConstructorAccessorImpl.newInstance(NativeConstructorAccessorImpl.java:62)
at sun.reflect.DelegatingConstructorAccessorImpl.newInstance(DelegatingConstructorAccessorImpl.java:45)
at java.lang.reflect.Constructor.newInstance(Constructor.java:423)
at org.openqa.selenium.remote.http.W3CHttpResponseCodec.createException(W3CHttpResponseCodec.java:187)
at org.openqa.selenium.remote.http.W3CHttpResponseCodec.decode(W3CHttpResponseCodec.java:122)
at org.openqa.selenium.remote.http.W3CHttpResponseCodec.decode(W3CHttpResponseCodec.java:49)
at org.openqa.selenium.remote.HttpCommandExecutor.execute(HttpCommandExecutor.java:158)
at org.openqa.selenium.remote.service.DriverCommandExecutor.execute(DriverCommandExecutor.java:83)
at org.openqa.selenium.remote.RemoteWebDriver.execute(RemoteWebDriver.java:552)
at org.openqa.selenium.remote.RemoteWebElement.execute(RemoteWebElement.java:285)
at org.openqa.selenium.remote.RemoteWebElement.click(RemoteWebElement.java:84)
at sun.reflect.NativeMethodAccessorImpl.invoke0(Native Method)
at sun.reflect.NativeMethodAccessorImpl.invoke(NativeMethodAccessorImpl.java:62)
at sun.reflect.DelegatingMethodAccessorImpl.invoke(DelegatingMethodAccessorImpl.java:43)
at java.lang.reflect.Method.invoke(Method.java:498)
at org.openqa.selenium.support.pagefactory.internal.LocatingElementHandler.invoke(LocatingElementHandler.java:51)
at com.sun.proxy.$Proxy24.click(Unknown Source)
at TestCases.Home_AddToCart_CheckProduct_003.ProductSelection(Home_AddToCart_CheckProduct_003.java:28)
at sun.reflect.NativeMethodAccessorImpl.invoke0(Native Method)
at sun.reflect.NativeMethodAccessorImpl.invoke(NativeMethodAccessorImpl.java:62)
at sun.reflect.DelegatingMethodAccessorImpl.invoke(DelegatingMethodAccessorImpl.java:43)
at java.lang.reflect.Method.invoke(Method.java:498)
at org.testng.internal.MethodInvocationHelper.invokeMethod(MethodInvocationHelper.java:133)
at org.testng.internal.TestInvoker.invokeMethod(TestInvoker.java:584)
at org.testng.internal.TestInvoker.retryFailed(TestInvoker.java:204)
at org.testng.internal.MethodRunner.runInSequence(MethodRunner.java:58)
at org.testng.internal.TestInvoker$MethodInvocationAgent.invoke(TestInvoker.java:804)
at org.testng.internal.TestInvoker.invokeTestMethods(TestInvoker.java:145)
at org.testng.internal.TestMethodWorker.invokeTestMethods(TestMethodWorker.java:146)
at org.testng.internal.TestMethodWorker.run(TestMethodWorker.java:128)
at java.util.concurrent.ThreadPoolExecutor.runWorker(ThreadPoolExecutor.java:1149)
at java.util.concurrent.ThreadPoolExecutor$Worker.run(ThreadPoolExecutor.java:624)
at java.lang.Thread.run(Thread.java:748)
]]>
            </full-stacktrace>
          </exception> <!-- org.openqa.selenium.ElementNotInteractableException -->
          <reporter-output>
          </reporter-output>
        </test-method> <!-- ProductSelection -->
        <test-method status="FAIL" signature="ProductSelection()[pri:0, instance:TestCases.Home_AddToCart_CheckProduct_003@11fc564b]" name="ProductSelection" duration-ms="10409" started-at="2021-02-07T18:23:46 IST" finished-at="2021-02-07T18:23:57 IST">
          <exception class="org.openqa.selenium.ElementNotInteractableException">
            <message>
              <![CDATA[element not interactable
  (Session info: chrome=88.0.4324.146)
Build info: version: '3.141.59', revision: 'e82be7d358', time: '2018-11-14T08:17:03'
System info: host: 'DESKTOP-1T2AMDB', ip: '192.168.0.4', os.name: 'Windows 10', os.arch: 'amd64', os.version: '10.0', java.version: '1.8.0_251'
Driver info: org.openqa.selenium.chrome.ChromeDriver
Capabilities {acceptInsecureCerts: false, browserName: chrome, browserVersion: 88.0.4324.146, chrome: {chromedriverVersion: 88.0.4324.96 (68dba2d8a0b14..., userDataDir: C:\Users\YashPooja\AppData\...}, goog:chromeOptions: {debuggerAddress: localhost:49945}, javascriptEnabled: true, networkConnectionEnabled: false, pageLoadStrategy: normal, platform: WINDOWS, platformName: WINDOWS, proxy: Proxy(), setWindowRect: true, strictFileInteractability: false, timeouts: {implicit: 0, pageLoad: 300000, script: 30000}, unhandledPromptBehavior: dismiss and notify, webauthn:extension:largeBlob: true, webauthn:virtualAuthenticators: true}
Session ID: dd6a34056e14adefcbe3a75ce9aaf8d6]]>
            </message>
            <full-stacktrace>
              <![CDATA[org.openqa.selenium.ElementNotInteractableException: element not interactable
  (Session info: chrome=88.0.4324.146)
Build info: version: '3.141.59', revision: 'e82be7d358', time: '2018-11-14T08:17:03'
System info: host: 'DESKTOP-1T2AMDB', ip: '192.168.0.4', os.name: 'Windows 10', os.arch: 'amd64', os.version: '10.0', java.version: '1.8.0_251'
Driver info: org.openqa.selenium.chrome.ChromeDriver
Capabilities {acceptInsecureCerts: false, browserName: chrome, browserVersion: 88.0.4324.146, chrome: {chromedriverVersion: 88.0.4324.96 (68dba2d8a0b14..., userDataDir: C:\Users\YashPooja\AppData\...}, goog:chromeOptions: {debuggerAddress: localhost:49945}, javascriptEnabled: true, networkConnectionEnabled: false, pageLoadStrategy: normal, platform: WINDOWS, platformName: WINDOWS, proxy: Proxy(), setWindowRect: true, strictFileInteractability: false, timeouts: {implicit: 0, pageLoad: 300000, script: 30000}, unhandledPromptBehavior: dismiss and notify, webauthn:extension:largeBlob: true, webauthn:virtualAuthenticators: true}
Session ID: dd6a34056e14adefcbe3a75ce9aaf8d6
at sun.reflect.NativeConstructorAccessorImpl.newInstance0(Native Method)
at sun.reflect.NativeConstructorAccessorImpl.newInstance(NativeConstructorAccessorImpl.java:62)
at sun.reflect.DelegatingConstructorAccessorImpl.newInstance(DelegatingConstructorAccessorImpl.java:45)
at java.lang.reflect.Constructor.newInstance(Constructor.java:423)
at org.openqa.selenium.remote.http.W3CHttpResponseCodec.createException(W3CHttpResponseCodec.java:187)
at org.openqa.selenium.remote.http.W3CHttpResponseCodec.decode(W3CHttpResponseCodec.java:122)
at org.openqa.selenium.remote.http.W3CHttpResponseCodec.decode(W3CHttpResponseCodec.java:49)
at org.openqa.selenium.remote.HttpCommandExecutor.execute(HttpCommandExecutor.java:158)
at org.openqa.selenium.remote.service.DriverCommandExecutor.execute(DriverCommandExecutor.java:83)
at org.openqa.selenium.remote.RemoteWebDriver.execute(RemoteWebDriver.java:552)
at org.openqa.selenium.remote.RemoteWebElement.execute(RemoteWebElement.java:285)
at org.openqa.selenium.remote.RemoteWebElement.click(RemoteWebElement.java:84)
at sun.reflect.NativeMethodAccessorImpl.invoke0(Native Method)
at sun.reflect.NativeMethodAccessorImpl.invoke(NativeMethodAccessorImpl.java:62)
at sun.reflect.DelegatingMethodAccessorImpl.invoke(DelegatingMethodAccessorImpl.java:43)
at java.lang.reflect.Method.invoke(Method.java:498)
at org.openqa.selenium.support.pagefactory.internal.LocatingElementHandler.invoke(LocatingElementHandler.java:51)
at com.sun.proxy.$Proxy24.click(Unknown Source)
at TestCases.Home_AddToCart_CheckProduct_003.ProductSelection(Home_AddToCart_CheckProduct_003.java:28)
at sun.reflect.NativeMethodAccessorImpl.invoke0(Native Method)
at sun.reflect.NativeMethodAccessorImpl.invoke(NativeMethodAccessorImpl.java:62)
at sun.reflect.DelegatingMethodAccessorImpl.invoke(DelegatingMethodAccessorImpl.java:43)
at java.lang.reflect.Method.invoke(Method.java:498)
at org.testng.internal.MethodInvocationHelper.invokeMethod(MethodInvocationHelper.java:133)
at org.testng.internal.TestInvoker.invokeMethod(TestInvoker.java:584)
at org.testng.internal.TestInvoker.retryFailed(TestInvoker.java:204)
at org.testng.internal.MethodRunner.runInSequence(MethodRunner.java:58)
at org.testng.internal.TestInvoker$MethodInvocationAgent.invoke(TestInvoker.java:804)
at org.testng.internal.TestInvoker.invokeTestMethods(TestInvoker.java:145)
at org.testng.internal.TestMethodWorker.invokeTestMethods(TestMethodWorker.java:146)
at org.testng.internal.TestMethodWorker.run(TestMethodWorker.java:128)
at java.util.concurrent.ThreadPoolExecutor.runWorker(ThreadPoolExecutor.java:1149)
at java.util.concurrent.ThreadPoolExecutor$Worker.run(ThreadPoolExecutor.java:624)
at java.lang.Thread.run(Thread.java:748)
]]>
            </full-stacktrace>
          </exception> <!-- org.openqa.selenium.ElementNotInteractableException -->
          <reporter-output>
          </reporter-output>
        </test-method> <!-- ProductSelection -->
        <test-method status="PASS" signature="tearDown()[pri:0, instance:TestCases.Home_AddToCart_CheckProduct_003@11fc564b]" name="tearDown" is-config="true" duration-ms="39895" started-at="2021-02-07T18:24:03 IST" finished-at="2021-02-07T18:24:43 IST">
          <reporter-output>
          </reporter-output>
        </test-method> <!-- tearDown -->
      </class> <!-- TestCases.Home_AddToCart_CheckProduct_003 -->
      <class name="TestCases.Dress_VerifyPageTitle_001">
        <test-method status="PASS" signature="setUp()[pri:0, instance:TestCases.Dress_VerifyPageTitle_001@17a7f733]" name="setUp" is-config="true" duration-ms="17228" started-at="2021-02-07T18:24:44 IST" finished-at="2021-02-07T18:25:01 IST">
          <reporter-output>
          </reporter-output>
        </test-method> <!-- setUp -->
        <test-method status="PASS" signature="verifyDressPage()[pri:0, instance:TestCases.Dress_VerifyPageTitle_001@17a7f733]" name="verifyDressPage" duration-ms="5558" started-at="2021-02-07T18:25:01 IST" finished-at="2021-02-07T18:25:06 IST">
          <reporter-output>
          </reporter-output>
        </test-method> <!-- verifyDressPage -->
        <test-method status="PASS" signature="tearDown()[pri:0, instance:TestCases.Dress_VerifyPageTitle_001@17a7f733]" name="tearDown" is-config="true" duration-ms="13615" started-at="2021-02-07T18:25:06 IST" finished-at="2021-02-07T18:25:20 IST">
          <reporter-output>
          </reporter-output>
        </test-method> <!-- tearDown -->
      </class> <!-- TestCases.Dress_VerifyPageTitle_001 -->
    </test> <!-- Test -->
  </suite> <!-- Suite -->
</testng-results>
