<?xml version="1.0" encoding="UTF-8"?>
<testng-results skipped="0" failed="1" ignored="0" total="1" passed="0">
  <reporter-output>
  </reporter-output>
  <suite name="Default suite" duration-ms="29368" started-at="2021-10-24T15:59:57 IST" finished-at="2021-10-24T16:00:26 IST">
    <groups>
    </groups>
    <test name="Default test" duration-ms="29368" started-at="2021-10-24T15:59:57 IST" finished-at="2021-10-24T16:00:26 IST">
      <class name="TestCases.Travelocity_CheckOptions_001">
        <test-method status="PASS" signature="setUp()[pri:0, instance:TestCases.Travelocity_CheckOptions_001@1e965684]" name="setUp" is-config="true" duration-ms="26185" started-at="2021-10-24T15:59:57 IST" finished-at="2021-10-24T16:00:23 IST">
          <reporter-output>
          </reporter-output>
        </test-method> <!-- setUp -->
        <test-method status="FAIL" signature="testAvialableSiteFeatures()[pri:0, instance:TestCases.Travelocity_CheckOptions_001@1e965684]" name="testAvialableSiteFeatures" duration-ms="1629" started-at="2021-10-24T16:00:23 IST" finished-at="2021-10-24T16:00:25 IST">
          <exception class="java.lang.AssertionError">
            <message>
              <![CDATA[Lists differ at element [0]: Hotels != Stays expected [Hotels] but found [Stays]]]>
            </message>
            <full-stacktrace>
              <![CDATA[java.lang.AssertionError: Lists differ at element [0]: Hotels != Stays expected [Hotels] but found [Stays]
at org.testng.Assert.fail(Assert.java:97)
at org.testng.Assert.assertEqualsImpl(Assert.java:136)
at org.testng.Assert.assertEquals(Assert.java:1030)
at org.testng.Assert.assertEquals(Assert.java:992)
at TestCases.Travelocity_CheckOptions_001.testAvialableSiteFeatures(Travelocity_CheckOptions_001.java:32)
at sun.reflect.NativeMethodAccessorImpl.invoke0(Native Method)
at sun.reflect.NativeMethodAccessorImpl.invoke(NativeMethodAccessorImpl.java:62)
at sun.reflect.DelegatingMethodAccessorImpl.invoke(DelegatingMethodAccessorImpl.java:43)
at java.lang.reflect.Method.invoke(Method.java:498)
at org.testng.internal.MethodInvocationHelper.invokeMethod(MethodInvocationHelper.java:135)
at org.testng.internal.TestInvoker.invokeMethod(TestInvoker.java:598)
at org.testng.internal.TestInvoker.invokeTestMethod(TestInvoker.java:174)
at org.testng.internal.MethodRunner.runInSequence(MethodRunner.java:46)
at org.testng.internal.TestInvoker$MethodInvocationAgent.invoke(TestInvoker.java:821)
at org.testng.internal.TestInvoker.invokeTestMethods(TestInvoker.java:147)
at org.testng.internal.TestMethodWorker.invokeTestMethods(TestMethodWorker.java:146)
at org.testng.internal.TestMethodWorker.run(TestMethodWorker.java:128)
at java.util.ArrayList.forEach(ArrayList.java:1257)
at org.testng.TestRunner.privateRun(TestRunner.java:767)
at org.testng.TestRunner.run(TestRunner.java:588)
at org.testng.SuiteRunner.runTest(SuiteRunner.java:384)
at org.testng.SuiteRunner.runSequentially(SuiteRunner.java:378)
at org.testng.SuiteRunner.privateRun(SuiteRunner.java:337)
at org.testng.SuiteRunner.run(SuiteRunner.java:286)
at org.testng.SuiteRunnerWorker.runSuite(SuiteRunnerWorker.java:53)
at org.testng.SuiteRunnerWorker.run(SuiteRunnerWorker.java:96)
at org.testng.TestNG.runSuitesSequentially(TestNG.java:1214)
at org.testng.TestNG.runSuitesLocally(TestNG.java:1136)
at org.testng.TestNG.runSuites(TestNG.java:1066)
at org.testng.TestNG.run(TestNG.java:1034)
at org.testng.remote.AbstractRemoteTestNG.run(AbstractRemoteTestNG.java:115)
at org.testng.remote.RemoteTestNG.initAndRun(RemoteTestNG.java:251)
at org.testng.remote.RemoteTestNG.main(RemoteTestNG.java:77)
]]>
            </full-stacktrace>
          </exception> <!-- java.lang.AssertionError -->
          <reporter-output>
          </reporter-output>
        </test-method> <!-- testAvialableSiteFeatures -->
        <test-method status="PASS" signature="tearDown()[pri:0, instance:TestCases.Travelocity_CheckOptions_001@1e965684]" name="tearDown" is-config="true" duration-ms="1412" started-at="2021-10-24T16:00:25 IST" finished-at="2021-10-24T16:00:26 IST">
          <reporter-output>
          </reporter-output>
        </test-method> <!-- tearDown -->
      </class> <!-- TestCases.Travelocity_CheckOptions_001 -->
    </test> <!-- Default test -->
  </suite> <!-- Default suite -->
</testng-results>
