<?xml version="1.0" encoding="UTF-8"?>
<testng-results skipped="0" failed="8" ignored="0" total="29" passed="21">
  <reporter-output>
  </reporter-output>
  <suite name="Practice for all individual concepts" duration-ms="574739" started-at="2021-03-05T01:19:06 IST" finished-at="2021-03-05T01:28:41 IST">
    <groups>
      <group name="Failed">
        <method signature="AutoSuggestiveDropDown.AutoSuggestiveDropDown()[pri:0, instance:SeleniumAllConceptsiWithTestNG.AutoSuggestiveDropDown@4b553d26]" name="AutoSuggestiveDropDown" class="SeleniumAllConceptsiWithTestNG.AutoSuggestiveDropDown"/>
        <method signature="Calender.Calender()[pri:0, instance:SeleniumAllConceptsiWithTestNG.Calender@69a3d1d]" name="Calender" class="SeleniumAllConceptsiWithTestNG.Calender"/>
        <method signature="CalenderDynamicDateSelection.CalenderDynamicDateSelection()[pri:0, instance:SeleniumAllConceptsiWithTestNG.CalenderDynamicDateSelection@86be70a]" name="CalenderDynamicDateSelection" class="SeleniumAllConceptsiWithTestNG.CalenderDynamicDateSelection"/>
        <method signature="DynamicDropDown.DynamicDropDown()[pri:0, instance:SeleniumAllConceptsiWithTestNG.DynamicDropDown@480bdb19]" name="DynamicDropDown" class="SeleniumAllConceptsiWithTestNG.DynamicDropDown"/>
        <method signature="HandilingMultipleWindows.HandilingMultipleWindows([Ljava.lang.String;)[pri:0, instance:SeleniumAllConceptsiWithTestNG.HandilingMultipleWindows@2a556333]" name="HandilingMultipleWindows" class="SeleniumAllConceptsiWithTestNG.HandilingMultipleWindows"/>
        <method signature="LocatorsConcept.LocatorsConcept()[pri:0, instance:SeleniumAllConceptsiWithTestNG.LocatorsConcept@7d70d1b1]" name="LocatorsConcept" class="SeleniumAllConceptsiWithTestNG.LocatorsConcept"/>
        <method signature="SpicejetFilightSearchWithCurrentDate.SpicejetFilightSearchWithCurrentDate()[pri:0, instance:SeleniumAllConceptsiWithTestNG.SpicejetFilightSearchWithCurrentDate@2a742aa2]" name="SpicejetFilightSearchWithCurrentDate" class="SeleniumAllConceptsiWithTestNG.SpicejetFilightSearchWithCurrentDate"/>
        <method signature="UpdatedStaticDropDown.UpdatedStaticDropDown()[pri:0, instance:SeleniumAllConceptsiWithTestNG.UpdatedStaticDropDown@3cb1ffe6]" name="UpdatedStaticDropDown" class="SeleniumAllConceptsiWithTestNG.UpdatedStaticDropDown"/>
      </group> <!-- Failed -->
    </groups>
    <test name="Should Pass" duration-ms="574739" started-at="2021-03-05T01:19:06 IST" finished-at="2021-03-05T01:28:41 IST">
      <class name="SeleniumAllConceptsiWithTestNG.ScreenshotsDemo">
        <test-method status="PASS" signature="ScreenshotsDemo()[pri:0, instance:SeleniumAllConceptsiWithTestNG.ScreenshotsDemo@17d677df]" name="ScreenshotsDemo" duration-ms="28280" started-at="2021-03-05T01:22:59 IST" finished-at="2021-03-05T01:23:28 IST">
          <reporter-output>
          </reporter-output>
        </test-method> <!-- ScreenshotsDemo -->
      </class> <!-- SeleniumAllConceptsiWithTestNG.ScreenshotsDemo -->
      <class name="SeleniumAllConceptsiWithTestNG.CalenderDynamicDateSelection">
        <test-method status="FAIL" signature="CalenderDynamicDateSelection()[pri:0, instance:SeleniumAllConceptsiWithTestNG.CalenderDynamicDateSelection@86be70a]" name="CalenderDynamicDateSelection" duration-ms="22073" started-at="2021-03-05T01:25:16 IST" finished-at="2021-03-05T01:25:38 IST">
          <exception class="org.openqa.selenium.ElementNotInteractableException">
            <message>
              <![CDATA[element not interactable
  (Session info: chrome=88.0.4324.190)
Build info: version: '3.141.59', revision: 'e82be7d358', time: '2018-11-14T08:17:03'
System info: host: 'DESKTOP-1T2AMDB', ip: '192.168.0.4', os.name: 'Windows 10', os.arch: 'amd64', os.version: '10.0', java.version: '1.8.0_251'
Driver info: org.openqa.selenium.chrome.ChromeDriver
Capabilities {acceptInsecureCerts: false, browserName: chrome, browserVersion: 88.0.4324.190, chrome: {chromedriverVersion: 88.0.4324.96 (68dba2d8a0b14..., userDataDir: C:\Users\YashPooja\AppData\...}, goog:chromeOptions: {debuggerAddress: localhost:52968}, javascriptEnabled: true, networkConnectionEnabled: false, pageLoadStrategy: normal, platform: WINDOWS, platformName: WINDOWS, proxy: Proxy(), setWindowRect: true, strictFileInteractability: false, timeouts: {implicit: 0, pageLoad: 300000, script: 30000}, unhandledPromptBehavior: dismiss and notify, webauthn:extension:largeBlob: true, webauthn:virtualAuthenticators: true}
Session ID: 2697c9741ea8a03845719f57a9f2968f]]>
            </message>
            <full-stacktrace>
              <![CDATA[org.openqa.selenium.ElementNotInteractableException: element not interactable
  (Session info: chrome=88.0.4324.190)
Build info: version: '3.141.59', revision: 'e82be7d358', time: '2018-11-14T08:17:03'
System info: host: 'DESKTOP-1T2AMDB', ip: '192.168.0.4', os.name: 'Windows 10', os.arch: 'amd64', os.version: '10.0', java.version: '1.8.0_251'
Driver info: org.openqa.selenium.chrome.ChromeDriver
Capabilities {acceptInsecureCerts: false, browserName: chrome, browserVersion: 88.0.4324.190, chrome: {chromedriverVersion: 88.0.4324.96 (68dba2d8a0b14..., userDataDir: C:\Users\YashPooja\AppData\...}, goog:chromeOptions: {debuggerAddress: localhost:52968}, javascriptEnabled: true, networkConnectionEnabled: false, pageLoadStrategy: normal, platform: WINDOWS, platformName: WINDOWS, proxy: Proxy(), setWindowRect: true, strictFileInteractability: false, timeouts: {implicit: 0, pageLoad: 300000, script: 30000}, unhandledPromptBehavior: dismiss and notify, webauthn:extension:largeBlob: true, webauthn:virtualAuthenticators: true}
Session ID: 2697c9741ea8a03845719f57a9f2968f
at sun.reflect.NativeConstructorAccessorImpl.newInstance0(Native Method)
at sun.reflect.NativeConstructorAccessorImpl.newInstance(NativeConstructorAccessorImpl.java:62)
at sun.reflect.DelegatingConstructorAccessorImpl.newInstance(DelegatingConstructorAccessorImpl.java:45)
at java.lang.reflect.Constructor.newInstance(Constructor.java:423)
at org.openqa.selenium.remote.http.W3CHttpResponseCodec.createException(W3CHttpResponseCodec.java:187)
at org.openqa.selenium.remote.http.W3CHttpResponseCodec.decode(W3CHttpResponseCodec.java:122)
at org.openqa.selenium.remote.http.W3CHttpResponseCodec.decode(W3CHttpResponseCodec.java:49)
at org.openqa.selenium.remote.HttpCommandExecutor.execute(HttpCommandExecutor.java:158)
at org.openqa.selenium.remote.service.DriverCommandExecutor.execute(DriverCommandExecutor.java:83)
at org.openqa.selenium.remote.RemoteWebDriver.execute(RemoteWebDriver.java:552)
at org.openqa.selenium.remote.RemoteWebElement.execute(RemoteWebElement.java:285)
at org.openqa.selenium.remote.RemoteWebElement.click(RemoteWebElement.java:84)
at SeleniumAllConceptsiWithTestNG.CalenderDynamicDateSelection.CalenderDynamicDateSelection(CalenderDynamicDateSelection.java:30)
at sun.reflect.NativeMethodAccessorImpl.invoke0(Native Method)
at sun.reflect.NativeMethodAccessorImpl.invoke(NativeMethodAccessorImpl.java:62)
at sun.reflect.DelegatingMethodAccessorImpl.invoke(DelegatingMethodAccessorImpl.java:43)
at java.lang.reflect.Method.invoke(Method.java:498)
at org.testng.internal.MethodInvocationHelper.invokeMethod(MethodInvocationHelper.java:135)
at org.testng.internal.TestInvoker.invokeMethod(TestInvoker.java:598)
at org.testng.internal.TestInvoker.invokeTestMethod(TestInvoker.java:174)
at org.testng.internal.MethodRunner.runInSequence(MethodRunner.java:46)
at org.testng.internal.TestInvoker$MethodInvocationAgent.invoke(TestInvoker.java:821)
at org.testng.internal.TestInvoker.invokeTestMethods(TestInvoker.java:147)
at org.testng.internal.TestMethodWorker.invokeTestMethods(TestMethodWorker.java:146)
at org.testng.internal.TestMethodWorker.run(TestMethodWorker.java:128)
at java.util.ArrayList.forEach(ArrayList.java:1257)
at org.testng.TestRunner.privateRun(TestRunner.java:767)
at org.testng.TestRunner.run(TestRunner.java:588)
at org.testng.SuiteRunner.runTest(SuiteRunner.java:384)
at org.testng.SuiteRunner.runSequentially(SuiteRunner.java:378)
at org.testng.SuiteRunner.privateRun(SuiteRunner.java:337)
at org.testng.SuiteRunner.run(SuiteRunner.java:286)
at org.testng.SuiteRunnerWorker.runSuite(SuiteRunnerWorker.java:53)
at org.testng.SuiteRunnerWorker.run(SuiteRunnerWorker.java:96)
at org.testng.TestNG.runSuitesSequentially(TestNG.java:1214)
at org.testng.TestNG.runSuitesLocally(TestNG.java:1136)
at org.testng.TestNG.runSuites(TestNG.java:1066)
at org.testng.TestNG.run(TestNG.java:1034)
at org.testng.remote.AbstractRemoteTestNG.run(AbstractRemoteTestNG.java:115)
at org.testng.remote.RemoteTestNG.initAndRun(RemoteTestNG.java:251)
at org.testng.remote.RemoteTestNG.main(RemoteTestNG.java:77)
]]>
            </full-stacktrace>
          </exception> <!-- org.openqa.selenium.ElementNotInteractableException -->
          <reporter-output>
          </reporter-output>
        </test-method> <!-- CalenderDynamicDateSelection -->
      </class> <!-- SeleniumAllConceptsiWithTestNG.CalenderDynamicDateSelection -->
      <class name="SeleniumAllConceptsiWithTestNG.UptimizedAddToCart">
        <test-method status="PASS" signature="UptimizedAddToCart()[pri:0, instance:SeleniumAllConceptsiWithTestNG.UptimizedAddToCart@bd8db5a]" name="UptimizedAddToCart" duration-ms="24225" started-at="2021-03-05T01:23:56 IST" finished-at="2021-03-05T01:24:21 IST">
          <reporter-output>
          </reporter-output>
        </test-method> <!-- UptimizedAddToCart -->
      </class> <!-- SeleniumAllConceptsiWithTestNG.UptimizedAddToCart -->
      <class name="SeleniumAllConceptsiWithTestNG.TableSumOfOneRow">
        <test-method status="PASS" signature="TableSumOfOneRow()[pri:0, instance:SeleniumAllConceptsiWithTestNG.TableSumOfOneRow@78e67e0a]" name="TableSumOfOneRow" duration-ms="14414" started-at="2021-03-05T01:23:42 IST" finished-at="2021-03-05T01:23:56 IST">
          <reporter-output>
          </reporter-output>
        </test-method> <!-- TableSumOfOneRow -->
      </class> <!-- SeleniumAllConceptsiWithTestNG.TableSumOfOneRow -->
      <class name="SeleniumAllConceptsiWithTestNG.UpdatedStaticDropDown">
        <test-method status="PASS" signature="UpdatedStaticDropDown()[pri:0, instance:SeleniumAllConceptsiWithTestNG.UpdatedStaticDropDown@3cb1ffe6]" name="UpdatedStaticDropDown" duration-ms="76977" started-at="2021-03-05T01:27:24 IST" finished-at="2021-03-05T01:28:41 IST">
          <reporter-output>
          </reporter-output>
        </test-method> <!-- UpdatedStaticDropDown -->
      </class> <!-- SeleniumAllConceptsiWithTestNG.UpdatedStaticDropDown -->
      <class name="SeleniumAllConceptsiWithTestNG.LocatorsConcept">
        <test-method status="FAIL" signature="LocatorsConcept()[pri:0, instance:SeleniumAllConceptsiWithTestNG.LocatorsConcept@7d70d1b1]" name="LocatorsConcept" duration-ms="22013" started-at="2021-03-05T01:26:24 IST" finished-at="2021-03-05T01:26:46 IST">
          <exception class="org.openqa.selenium.UnhandledAlertException">
            <message>
              <![CDATA[unexpected alert open: {Alert text : User is not valid}
  (Session info: chrome=88.0.4324.190): User is not valid
Build info: version: '3.141.59', revision: 'e82be7d358', time: '2018-11-14T08:17:03'
System info: host: 'DESKTOP-1T2AMDB', ip: '192.168.0.4', os.name: 'Windows 10', os.arch: 'amd64', os.version: '10.0', java.version: '1.8.0_251'
Driver info: org.openqa.selenium.chrome.ChromeDriver
Capabilities {acceptInsecureCerts: false, browserName: chrome, browserVersion: 88.0.4324.190, chrome: {chromedriverVersion: 88.0.4324.96 (68dba2d8a0b14..., userDataDir: C:\Users\YashPooja\AppData\...}, goog:chromeOptions: {debuggerAddress: localhost:53270}, javascriptEnabled: true, networkConnectionEnabled: false, pageLoadStrategy: normal, platform: WINDOWS, platformName: WINDOWS, proxy: Proxy(), setWindowRect: true, strictFileInteractability: false, timeouts: {implicit: 0, pageLoad: 300000, script: 30000}, unhandledPromptBehavior: dismiss and notify, webauthn:extension:largeBlob: true, webauthn:virtualAuthenticators: true}
Session ID: 09944870cbe084589026b7c44d6a0fc4
*** Element info: {Using=xpath, value=//input[contains(@name,'btn')] [2]}]]>
            </message>
            <full-stacktrace>
              <![CDATA[org.openqa.selenium.UnhandledAlertException: unexpected alert open: {Alert text : User is not valid}
  (Session info: chrome=88.0.4324.190): User is not valid
Build info: version: '3.141.59', revision: 'e82be7d358', time: '2018-11-14T08:17:03'
System info: host: 'DESKTOP-1T2AMDB', ip: '192.168.0.4', os.name: 'Windows 10', os.arch: 'amd64', os.version: '10.0', java.version: '1.8.0_251'
Driver info: org.openqa.selenium.chrome.ChromeDriver
Capabilities {acceptInsecureCerts: false, browserName: chrome, browserVersion: 88.0.4324.190, chrome: {chromedriverVersion: 88.0.4324.96 (68dba2d8a0b14..., userDataDir: C:\Users\YashPooja\AppData\...}, goog:chromeOptions: {debuggerAddress: localhost:53270}, javascriptEnabled: true, networkConnectionEnabled: false, pageLoadStrategy: normal, platform: WINDOWS, platformName: WINDOWS, proxy: Proxy(), setWindowRect: true, strictFileInteractability: false, timeouts: {implicit: 0, pageLoad: 300000, script: 30000}, unhandledPromptBehavior: dismiss and notify, webauthn:extension:largeBlob: true, webauthn:virtualAuthenticators: true}
Session ID: 09944870cbe084589026b7c44d6a0fc4
*** Element info: {Using=xpath, value=//input[contains(@name,'btn')] [2]}
at org.openqa.selenium.remote.http.W3CHttpResponseCodec.decode(W3CHttpResponseCodec.java:120)
at org.openqa.selenium.remote.http.W3CHttpResponseCodec.decode(W3CHttpResponseCodec.java:49)
at org.openqa.selenium.remote.HttpCommandExecutor.execute(HttpCommandExecutor.java:158)
at org.openqa.selenium.remote.service.DriverCommandExecutor.execute(DriverCommandExecutor.java:83)
at org.openqa.selenium.remote.RemoteWebDriver.execute(RemoteWebDriver.java:552)
at org.openqa.selenium.remote.RemoteWebDriver.findElement(RemoteWebDriver.java:323)
at org.openqa.selenium.remote.RemoteWebDriver.findElementByXPath(RemoteWebDriver.java:428)
at org.openqa.selenium.By$ByXPath.findElement(By.java:353)
at org.openqa.selenium.remote.RemoteWebDriver.findElement(RemoteWebDriver.java:315)
at SeleniumAllConceptsiWithTestNG.LocatorsConcept.LocatorsConcept(LocatorsConcept.java:29)
at sun.reflect.NativeMethodAccessorImpl.invoke0(Native Method)
at sun.reflect.NativeMethodAccessorImpl.invoke(NativeMethodAccessorImpl.java:62)
at sun.reflect.DelegatingMethodAccessorImpl.invoke(DelegatingMethodAccessorImpl.java:43)
at java.lang.reflect.Method.invoke(Method.java:498)
at org.testng.internal.MethodInvocationHelper.invokeMethod(MethodInvocationHelper.java:135)
at org.testng.internal.TestInvoker.invokeMethod(TestInvoker.java:598)
at org.testng.internal.TestInvoker.invokeTestMethod(TestInvoker.java:174)
at org.testng.internal.MethodRunner.runInSequence(MethodRunner.java:46)
at org.testng.internal.TestInvoker$MethodInvocationAgent.invoke(TestInvoker.java:821)
at org.testng.internal.TestInvoker.invokeTestMethods(TestInvoker.java:147)
at org.testng.internal.TestMethodWorker.invokeTestMethods(TestMethodWorker.java:146)
at org.testng.internal.TestMethodWorker.run(TestMethodWorker.java:128)
at java.util.ArrayList.forEach(ArrayList.java:1257)
at org.testng.TestRunner.privateRun(TestRunner.java:767)
at org.testng.TestRunner.run(TestRunner.java:588)
at org.testng.SuiteRunner.runTest(SuiteRunner.java:384)
at org.testng.SuiteRunner.runSequentially(SuiteRunner.java:378)
at org.testng.SuiteRunner.privateRun(SuiteRunner.java:337)
at org.testng.SuiteRunner.run(SuiteRunner.java:286)
at org.testng.SuiteRunnerWorker.runSuite(SuiteRunnerWorker.java:53)
at org.testng.SuiteRunnerWorker.run(SuiteRunnerWorker.java:96)
at org.testng.TestNG.runSuitesSequentially(TestNG.java:1214)
at org.testng.TestNG.runSuitesLocally(TestNG.java:1136)
at org.testng.TestNG.runSuites(TestNG.java:1066)
at org.testng.TestNG.run(TestNG.java:1034)
at org.testng.remote.AbstractRemoteTestNG.run(AbstractRemoteTestNG.java:115)
at org.testng.remote.RemoteTestNG.initAndRun(RemoteTestNG.java:251)
at org.testng.remote.RemoteTestNG.main(RemoteTestNG.java:77)
]]>
            </full-stacktrace>
          </exception> <!-- org.openqa.selenium.UnhandledAlertException -->
          <reporter-output>
          </reporter-output>
        </test-method> <!-- LocatorsConcept -->
      </class> <!-- SeleniumAllConceptsiWithTestNG.LocatorsConcept -->
      <class name="SeleniumAllConceptsiWithTestNG.DropDown">
        <test-method status="PASS" signature="DropDown()[pri:0, instance:SeleniumAllConceptsiWithTestNG.DropDown@33c7e1bb]" name="DropDown" duration-ms="38820" started-at="2021-03-05T01:21:32 IST" finished-at="2021-03-05T01:22:11 IST">
          <reporter-output>
          </reporter-output>
        </test-method> <!-- DropDown -->
      </class> <!-- SeleniumAllConceptsiWithTestNG.DropDown -->
      <class name="SeleniumAllConceptsiWithTestNG.HandlingBrowserCertifications">
        <test-method status="PASS" signature="HandlingBrowserCertifications()[pri:0, instance:SeleniumAllConceptsiWithTestNG.HandlingBrowserCertifications@76b0bfab]" name="HandlingBrowserCertifications" duration-ms="11209" started-at="2021-03-05T01:22:48 IST" finished-at="2021-03-05T01:22:59 IST">
          <reporter-output>
          </reporter-output>
        </test-method> <!-- HandlingBrowserCertifications -->
      </class> <!-- SeleniumAllConceptsiWithTestNG.HandlingBrowserCertifications -->
      <class name="SeleniumAllConceptsiWithTestNG.ParameterizationDataProvider">
        <test-method status="PASS" signature="readDataFromDataprovide(java.lang.String, java.lang.String)[pri:0, instance:SeleniumAllConceptsiWithTestNG.ParameterizationDataProvider@80503]" name="readDataFromDataprovide" duration-ms="4" started-at="2021-03-05T01:24:37 IST" data-provider="getData" finished-at="2021-03-05T01:24:37 IST">
          <params>
            <param index="0">
              <value>
                <![CDATA[EmployeeId 1]]>
              </value>
            </param>
            <param index="1">
              <value>
                <![CDATA[EmployeeId Name 1]]>
              </value>
            </param>
          </params>
          <reporter-output>
          </reporter-output>
        </test-method> <!-- readDataFromDataprovide -->
        <test-method status="PASS" signature="readDataFromDataprovide(java.lang.String, java.lang.String)[pri:0, instance:SeleniumAllConceptsiWithTestNG.ParameterizationDataProvider@80503]" name="readDataFromDataprovide" duration-ms="3" started-at="2021-03-05T01:24:37 IST" data-provider="getData" finished-at="2021-03-05T01:24:37 IST">
          <params>
            <param index="0">
              <value>
                <![CDATA[EmployeeId 2]]>
              </value>
            </param>
            <param index="1">
              <value>
                <![CDATA[EmployeeId Name 2]]>
              </value>
            </param>
          </params>
          <reporter-output>
          </reporter-output>
        </test-method> <!-- readDataFromDataprovide -->
        <test-method status="PASS" signature="readDataFromDataprovide(java.lang.String, java.lang.String)[pri:0, instance:SeleniumAllConceptsiWithTestNG.ParameterizationDataProvider@80503]" name="readDataFromDataprovide" duration-ms="3" started-at="2021-03-05T01:24:37 IST" data-provider="getData" finished-at="2021-03-05T01:24:37 IST">
          <params>
            <param index="0">
              <value>
                <![CDATA[EmployeeId 3]]>
              </value>
            </param>
            <param index="1">
              <value>
                <![CDATA[EmployeeId Name 3]]>
              </value>
            </param>
          </params>
          <reporter-output>
          </reporter-output>
        </test-method> <!-- readDataFromDataprovide -->
        <test-method status="FAIL" signature="readDataFromXml(java.lang.String, java.lang.String)[pri:0, instance:SeleniumAllConceptsiWithTestNG.ParameterizationDataProvider@80503]" name="readDataFromXml" duration-ms="0" started-at="2021-03-05T01:24:37 IST" finished-at="2021-03-05T01:24:37 IST">
          <exception class="org.testng.TestNGException">
            <message>
              <![CDATA[
Parameter 'URL' is required by @Test on method readDataFromXml but has not been marked @Optional or defined
in C:\Users\YashPooja\SelfLearningProjectWithKhadar\FullPracticedLibrary.xml]]>
            </message>
            <full-stacktrace>
              <![CDATA[org.testng.TestNGException: 
Parameter 'URL' is required by @Test on method readDataFromXml but has not been marked @Optional or defined
in C:\Users\YashPooja\SelfLearningProjectWithKhadar\FullPracticedLibrary.xml
at org.testng.internal.Parameters.createParams(Parameters.java:268)
at org.testng.internal.Parameters.createParametersForMethod(Parameters.java:356)
at org.testng.internal.Parameters.createParameters(Parameters.java:700)
at org.testng.internal.Parameters.handleParameters(Parameters.java:875)
at org.testng.internal.Parameters.handleParameters(Parameters.java:740)
at org.testng.internal.ParameterHandler.handleParameters(ParameterHandler.java:59)
at org.testng.internal.ParameterHandler.createParameters(ParameterHandler.java:38)
at org.testng.internal.TestInvoker$MethodInvocationAgent.invoke(TestInvoker.java:788)
at org.testng.internal.TestInvoker.invokeTestMethods(TestInvoker.java:147)
at org.testng.internal.TestMethodWorker.invokeTestMethods(TestMethodWorker.java:146)
at org.testng.internal.TestMethodWorker.run(TestMethodWorker.java:128)
at java.util.ArrayList.forEach(ArrayList.java:1257)
at org.testng.TestRunner.privateRun(TestRunner.java:767)
at org.testng.TestRunner.run(TestRunner.java:588)
at org.testng.SuiteRunner.runTest(SuiteRunner.java:384)
at org.testng.SuiteRunner.runSequentially(SuiteRunner.java:378)
at org.testng.SuiteRunner.privateRun(SuiteRunner.java:337)
at org.testng.SuiteRunner.run(SuiteRunner.java:286)
at org.testng.SuiteRunnerWorker.runSuite(SuiteRunnerWorker.java:53)
at org.testng.SuiteRunnerWorker.run(SuiteRunnerWorker.java:96)
at org.testng.TestNG.runSuitesSequentially(TestNG.java:1214)
at org.testng.TestNG.runSuitesLocally(TestNG.java:1136)
at org.testng.TestNG.runSuites(TestNG.java:1066)
at org.testng.TestNG.run(TestNG.java:1034)
at org.testng.remote.AbstractRemoteTestNG.run(AbstractRemoteTestNG.java:115)
at org.testng.remote.RemoteTestNG.initAndRun(RemoteTestNG.java:251)
at org.testng.remote.RemoteTestNG.main(RemoteTestNG.java:77)
]]>
            </full-stacktrace>
          </exception> <!-- org.testng.TestNGException -->
          <reporter-output>
          </reporter-output>
        </test-method> <!-- readDataFromXml -->
      </class> <!-- SeleniumAllConceptsiWithTestNG.ParameterizationDataProvider -->
      <class name="SeleniumAllConceptsiWithTestNG.AddToCartMultipleVegitables">
        <test-method status="PASS" signature="AddToCartMultipleVegitables()[pri:0, instance:SeleniumAllConceptsiWithTestNG.AddToCartMultipleVegitables@528931cf]" name="AddToCartMultipleVegitables" duration-ms="9199" started-at="2021-03-05T01:19:53 IST" finished-at="2021-03-05T01:20:03 IST">
          <reporter-output>
          </reporter-output>
        </test-method> <!-- AddToCartMultipleVegitables -->
      </class> <!-- SeleniumAllConceptsiWithTestNG.AddToCartMultipleVegitables -->
      <class name="SeleniumAllConceptsiWithTestNG.Calender">
        <test-method status="FAIL" signature="Calender()[pri:0, instance:SeleniumAllConceptsiWithTestNG.Calender@69a3d1d]" name="Calender" duration-ms="22711" started-at="2021-03-05T01:24:53 IST" finished-at="2021-03-05T01:25:16 IST">
          <exception class="org.openqa.selenium.NoSuchElementException">
            <message>
              <![CDATA[no such element: Unable to locate element: {"method":"css selector","selector":".ui-state-default.ui-state-highlight.ui-state-active.ui-state-hover"}
  (Session info: chrome=88.0.4324.190)
For documentation on this error, please visit: https://www.seleniumhq.org/exceptions/no_such_element.html
Build info: version: '3.141.59', revision: 'e82be7d358', time: '2018-11-14T08:17:03'
System info: host: 'DESKTOP-1T2AMDB', ip: '192.168.0.4', os.name: 'Windows 10', os.arch: 'amd64', os.version: '10.0', java.version: '1.8.0_251'
Driver info: org.openqa.selenium.chrome.ChromeDriver
Capabilities {acceptInsecureCerts: false, browserName: chrome, browserVersion: 88.0.4324.190, chrome: {chromedriverVersion: 88.0.4324.96 (68dba2d8a0b14..., userDataDir: C:\Users\YashPooja\AppData\...}, goog:chromeOptions: {debuggerAddress: localhost:52831}, javascriptEnabled: true, networkConnectionEnabled: false, pageLoadStrategy: normal, platform: WINDOWS, platformName: WINDOWS, proxy: Proxy(), setWindowRect: true, strictFileInteractability: false, timeouts: {implicit: 0, pageLoad: 300000, script: 30000}, unhandledPromptBehavior: dismiss and notify, webauthn:extension:largeBlob: true, webauthn:virtualAuthenticators: true}
Session ID: 8cd3fea86a0d3b387a95e2baebb274c3
*** Element info: {Using=css selector, value=.ui-state-default.ui-state-highlight.ui-state-active.ui-state-hover}]]>
            </message>
            <full-stacktrace>
              <![CDATA[org.openqa.selenium.NoSuchElementException: no such element: Unable to locate element: {"method":"css selector","selector":".ui-state-default.ui-state-highlight.ui-state-active.ui-state-hover"}
  (Session info: chrome=88.0.4324.190)
For documentation on this error, please visit: https://www.seleniumhq.org/exceptions/no_such_element.html
Build info: version: '3.141.59', revision: 'e82be7d358', time: '2018-11-14T08:17:03'
System info: host: 'DESKTOP-1T2AMDB', ip: '192.168.0.4', os.name: 'Windows 10', os.arch: 'amd64', os.version: '10.0', java.version: '1.8.0_251'
Driver info: org.openqa.selenium.chrome.ChromeDriver
Capabilities {acceptInsecureCerts: false, browserName: chrome, browserVersion: 88.0.4324.190, chrome: {chromedriverVersion: 88.0.4324.96 (68dba2d8a0b14..., userDataDir: C:\Users\YashPooja\AppData\...}, goog:chromeOptions: {debuggerAddress: localhost:52831}, javascriptEnabled: true, networkConnectionEnabled: false, pageLoadStrategy: normal, platform: WINDOWS, platformName: WINDOWS, proxy: Proxy(), setWindowRect: true, strictFileInteractability: false, timeouts: {implicit: 0, pageLoad: 300000, script: 30000}, unhandledPromptBehavior: dismiss and notify, webauthn:extension:largeBlob: true, webauthn:virtualAuthenticators: true}
Session ID: 8cd3fea86a0d3b387a95e2baebb274c3
*** Element info: {Using=css selector, value=.ui-state-default.ui-state-highlight.ui-state-active.ui-state-hover}
at sun.reflect.NativeConstructorAccessorImpl.newInstance0(Native Method)
at sun.reflect.NativeConstructorAccessorImpl.newInstance(NativeConstructorAccessorImpl.java:62)
at sun.reflect.DelegatingConstructorAccessorImpl.newInstance(DelegatingConstructorAccessorImpl.java:45)
at java.lang.reflect.Constructor.newInstance(Constructor.java:423)
at org.openqa.selenium.remote.http.W3CHttpResponseCodec.createException(W3CHttpResponseCodec.java:187)
at org.openqa.selenium.remote.http.W3CHttpResponseCodec.decode(W3CHttpResponseCodec.java:122)
at org.openqa.selenium.remote.http.W3CHttpResponseCodec.decode(W3CHttpResponseCodec.java:49)
at org.openqa.selenium.remote.HttpCommandExecutor.execute(HttpCommandExecutor.java:158)
at org.openqa.selenium.remote.service.DriverCommandExecutor.execute(DriverCommandExecutor.java:83)
at org.openqa.selenium.remote.RemoteWebDriver.execute(RemoteWebDriver.java:552)
at org.openqa.selenium.remote.RemoteWebDriver.findElement(RemoteWebDriver.java:323)
at org.openqa.selenium.remote.RemoteWebDriver.findElementByCssSelector(RemoteWebDriver.java:420)
at org.openqa.selenium.By$ByCssSelector.findElement(By.java:431)
at org.openqa.selenium.remote.RemoteWebDriver.findElement(RemoteWebDriver.java:315)
at SeleniumAllConceptsiWithTestNG.Calender.Calender(Calender.java:19)
at sun.reflect.NativeMethodAccessorImpl.invoke0(Native Method)
at sun.reflect.NativeMethodAccessorImpl.invoke(NativeMethodAccessorImpl.java:62)
at sun.reflect.DelegatingMethodAccessorImpl.invoke(DelegatingMethodAccessorImpl.java:43)
at java.lang.reflect.Method.invoke(Method.java:498)
at org.testng.internal.MethodInvocationHelper.invokeMethod(MethodInvocationHelper.java:135)
at org.testng.internal.TestInvoker.invokeMethod(TestInvoker.java:598)
at org.testng.internal.TestInvoker.invokeTestMethod(TestInvoker.java:174)
at org.testng.internal.MethodRunner.runInSequence(MethodRunner.java:46)
at org.testng.internal.TestInvoker$MethodInvocationAgent.invoke(TestInvoker.java:821)
at org.testng.internal.TestInvoker.invokeTestMethods(TestInvoker.java:147)
at org.testng.internal.TestMethodWorker.invokeTestMethods(TestMethodWorker.java:146)
at org.testng.internal.TestMethodWorker.run(TestMethodWorker.java:128)
at java.util.ArrayList.forEach(ArrayList.java:1257)
at org.testng.TestRunner.privateRun(TestRunner.java:767)
at org.testng.TestRunner.run(TestRunner.java:588)
at org.testng.SuiteRunner.runTest(SuiteRunner.java:384)
at org.testng.SuiteRunner.runSequentially(SuiteRunner.java:378)
at org.testng.SuiteRunner.privateRun(SuiteRunner.java:337)
at org.testng.SuiteRunner.run(SuiteRunner.java:286)
at org.testng.SuiteRunnerWorker.runSuite(SuiteRunnerWorker.java:53)
at org.testng.SuiteRunnerWorker.run(SuiteRunnerWorker.java:96)
at org.testng.TestNG.runSuitesSequentially(TestNG.java:1214)
at org.testng.TestNG.runSuitesLocally(TestNG.java:1136)
at org.testng.TestNG.runSuites(TestNG.java:1066)
at org.testng.TestNG.run(TestNG.java:1034)
at org.testng.remote.AbstractRemoteTestNG.run(AbstractRemoteTestNG.java:115)
at org.testng.remote.RemoteTestNG.initAndRun(RemoteTestNG.java:251)
at org.testng.remote.RemoteTestNG.main(RemoteTestNG.java:77)
]]>
            </full-stacktrace>
          </exception> <!-- org.openqa.selenium.NoSuchElementException -->
          <reporter-output>
          </reporter-output>
        </test-method> <!-- Calender -->
      </class> <!-- SeleniumAllConceptsiWithTestNG.Calender -->
      <class name="SeleniumAllConceptsiWithTestNG.ActionsDemo">
        <test-method status="PASS" signature="ActionsDemo()[pri:0, instance:SeleniumAllConceptsiWithTestNG.ActionsDemo@5faeada1]" name="ActionsDemo" duration-ms="24292" started-at="2021-03-05T01:19:29 IST" finished-at="2021-03-05T01:19:53 IST">
          <reporter-output>
          </reporter-output>
        </test-method> <!-- ActionsDemo -->
      </class> <!-- SeleniumAllConceptsiWithTestNG.ActionsDemo -->
      <class name="SeleniumAllConceptsiWithTestNG.AlertHandling">
        <test-method status="PASS" signature="AlertHandling()[pri:0, instance:SeleniumAllConceptsiWithTestNG.AlertHandling@ea1a8d5]" name="AlertHandling" duration-ms="18129" started-at="2021-03-05T01:20:03 IST" finished-at="2021-03-05T01:20:21 IST">
          <reporter-output>
          </reporter-output>
        </test-method> <!-- AlertHandling -->
      </class> <!-- SeleniumAllConceptsiWithTestNG.AlertHandling -->
      <class name="SeleniumAllConceptsiWithTestNG.Checkbox">
        <test-method status="PASS" signature="Checkbox()[pri:0, instance:SeleniumAllConceptsiWithTestNG.Checkbox@2bbf4b8b]" name="Checkbox" duration-ms="20391" started-at="2021-03-05T01:20:38 IST" finished-at="2021-03-05T01:20:58 IST">
          <reporter-output>
          </reporter-output>
        </test-method> <!-- Checkbox -->
      </class> <!-- SeleniumAllConceptsiWithTestNG.Checkbox -->
      <class name="SeleniumAllConceptsiWithTestNG.AutoSugestivdropdowncollection">
        <test-method status="PASS" signature="AutoSugestivdropdowncollection()[pri:0, instance:SeleniumAllConceptsiWithTestNG.AutoSugestivdropdowncollection@1563da5]" name="AutoSugestivdropdowncollection" duration-ms="17181" started-at="2021-03-05T01:20:21 IST" finished-at="2021-03-05T01:20:38 IST">
          <reporter-output>
          </reporter-output>
        </test-method> <!-- AutoSugestivdropdowncollection -->
      </class> <!-- SeleniumAllConceptsiWithTestNG.AutoSugestivdropdowncollection -->
      <class name="SeleniumAllConceptsiWithTestNG.SpicejetFilightSearchWithCurrentDate">
        <test-method status="FAIL" signature="SpicejetFilightSearchWithCurrentDate()[pri:0, instance:SeleniumAllConceptsiWithTestNG.SpicejetFilightSearchWithCurrentDate@2a742aa2]" name="SpicejetFilightSearchWithCurrentDate" duration-ms="38102" started-at="2021-03-05T01:26:46 IST" finished-at="2021-03-05T01:27:24 IST">
          <exception class="org.openqa.selenium.NoSuchElementException">
            <message>
              <![CDATA[no such element: Unable to locate element: {"method":"css selector","selector":".ui-state-default.ui-state-highlight.ui-state-active.ui-state-hover"}
  (Session info: chrome=88.0.4324.190)
For documentation on this error, please visit: https://www.seleniumhq.org/exceptions/no_such_element.html
Build info: version: '3.141.59', revision: 'e82be7d358', time: '2018-11-14T08:17:03'
System info: host: 'DESKTOP-1T2AMDB', ip: '192.168.0.4', os.name: 'Windows 10', os.arch: 'amd64', os.version: '10.0', java.version: '1.8.0_251'
Driver info: org.openqa.selenium.chrome.ChromeDriver
Capabilities {acceptInsecureCerts: false, browserName: chrome, browserVersion: 88.0.4324.190, chrome: {chromedriverVersion: 88.0.4324.96 (68dba2d8a0b14..., userDataDir: C:\Users\YashPooja\AppData\...}, goog:chromeOptions: {debuggerAddress: localhost:53513}, javascriptEnabled: true, networkConnectionEnabled: false, pageLoadStrategy: normal, platform: WINDOWS, platformName: WINDOWS, proxy: Proxy(), setWindowRect: true, strictFileInteractability: false, timeouts: {implicit: 0, pageLoad: 300000, script: 30000}, unhandledPromptBehavior: dismiss and notify, webauthn:extension:largeBlob: true, webauthn:virtualAuthenticators: true}
Session ID: c5024c58d77132de7e023a920ae36a40
*** Element info: {Using=css selector, value=.ui-state-default.ui-state-highlight.ui-state-active.ui-state-hover}]]>
            </message>
            <full-stacktrace>
              <![CDATA[org.openqa.selenium.NoSuchElementException: no such element: Unable to locate element: {"method":"css selector","selector":".ui-state-default.ui-state-highlight.ui-state-active.ui-state-hover"}
  (Session info: chrome=88.0.4324.190)
For documentation on this error, please visit: https://www.seleniumhq.org/exceptions/no_such_element.html
Build info: version: '3.141.59', revision: 'e82be7d358', time: '2018-11-14T08:17:03'
System info: host: 'DESKTOP-1T2AMDB', ip: '192.168.0.4', os.name: 'Windows 10', os.arch: 'amd64', os.version: '10.0', java.version: '1.8.0_251'
Driver info: org.openqa.selenium.chrome.ChromeDriver
Capabilities {acceptInsecureCerts: false, browserName: chrome, browserVersion: 88.0.4324.190, chrome: {chromedriverVersion: 88.0.4324.96 (68dba2d8a0b14..., userDataDir: C:\Users\YashPooja\AppData\...}, goog:chromeOptions: {debuggerAddress: localhost:53513}, javascriptEnabled: true, networkConnectionEnabled: false, pageLoadStrategy: normal, platform: WINDOWS, platformName: WINDOWS, proxy: Proxy(), setWindowRect: true, strictFileInteractability: false, timeouts: {implicit: 0, pageLoad: 300000, script: 30000}, unhandledPromptBehavior: dismiss and notify, webauthn:extension:largeBlob: true, webauthn:virtualAuthenticators: true}
Session ID: c5024c58d77132de7e023a920ae36a40
*** Element info: {Using=css selector, value=.ui-state-default.ui-state-highlight.ui-state-active.ui-state-hover}
at sun.reflect.NativeConstructorAccessorImpl.newInstance0(Native Method)
at sun.reflect.NativeConstructorAccessorImpl.newInstance(NativeConstructorAccessorImpl.java:62)
at sun.reflect.DelegatingConstructorAccessorImpl.newInstance(DelegatingConstructorAccessorImpl.java:45)
at java.lang.reflect.Constructor.newInstance(Constructor.java:423)
at org.openqa.selenium.remote.http.W3CHttpResponseCodec.createException(W3CHttpResponseCodec.java:187)
at org.openqa.selenium.remote.http.W3CHttpResponseCodec.decode(W3CHttpResponseCodec.java:122)
at org.openqa.selenium.remote.http.W3CHttpResponseCodec.decode(W3CHttpResponseCodec.java:49)
at org.openqa.selenium.remote.HttpCommandExecutor.execute(HttpCommandExecutor.java:158)
at org.openqa.selenium.remote.service.DriverCommandExecutor.execute(DriverCommandExecutor.java:83)
at org.openqa.selenium.remote.RemoteWebDriver.execute(RemoteWebDriver.java:552)
at org.openqa.selenium.remote.RemoteWebDriver.findElement(RemoteWebDriver.java:323)
at org.openqa.selenium.remote.RemoteWebDriver.findElementByCssSelector(RemoteWebDriver.java:420)
at org.openqa.selenium.By$ByCssSelector.findElement(By.java:431)
at org.openqa.selenium.remote.RemoteWebDriver.findElement(RemoteWebDriver.java:315)
at SeleniumAllConceptsiWithTestNG.SpicejetFilightSearchWithCurrentDate.SpicejetFilightSearchWithCurrentDate(SpicejetFilightSearchWithCurrentDate.java:34)
at sun.reflect.NativeMethodAccessorImpl.invoke0(Native Method)
at sun.reflect.NativeMethodAccessorImpl.invoke(NativeMethodAccessorImpl.java:62)
at sun.reflect.DelegatingMethodAccessorImpl.invoke(DelegatingMethodAccessorImpl.java:43)
at java.lang.reflect.Method.invoke(Method.java:498)
at org.testng.internal.MethodInvocationHelper.invokeMethod(MethodInvocationHelper.java:135)
at org.testng.internal.TestInvoker.invokeMethod(TestInvoker.java:598)
at org.testng.internal.TestInvoker.invokeTestMethod(TestInvoker.java:174)
at org.testng.internal.MethodRunner.runInSequence(MethodRunner.java:46)
at org.testng.internal.TestInvoker$MethodInvocationAgent.invoke(TestInvoker.java:821)
at org.testng.internal.TestInvoker.invokeTestMethods(TestInvoker.java:147)
at org.testng.internal.TestMethodWorker.invokeTestMethods(TestMethodWorker.java:146)
at org.testng.internal.TestMethodWorker.run(TestMethodWorker.java:128)
at java.util.ArrayList.forEach(ArrayList.java:1257)
at org.testng.TestRunner.privateRun(TestRunner.java:767)
at org.testng.TestRunner.run(TestRunner.java:588)
at org.testng.SuiteRunner.runTest(SuiteRunner.java:384)
at org.testng.SuiteRunner.runSequentially(SuiteRunner.java:378)
at org.testng.SuiteRunner.privateRun(SuiteRunner.java:337)
at org.testng.SuiteRunner.run(SuiteRunner.java:286)
at org.testng.SuiteRunnerWorker.runSuite(SuiteRunnerWorker.java:53)
at org.testng.SuiteRunnerWorker.run(SuiteRunnerWorker.java:96)
at org.testng.TestNG.runSuitesSequentially(TestNG.java:1214)
at org.testng.TestNG.runSuitesLocally(TestNG.java:1136)
at org.testng.TestNG.runSuites(TestNG.java:1066)
at org.testng.TestNG.run(TestNG.java:1034)
at org.testng.remote.AbstractRemoteTestNG.run(AbstractRemoteTestNG.java:115)
at org.testng.remote.RemoteTestNG.initAndRun(RemoteTestNG.java:251)
at org.testng.remote.RemoteTestNG.main(RemoteTestNG.java:77)
]]>
            </full-stacktrace>
          </exception> <!-- org.openqa.selenium.NoSuchElementException -->
          <reporter-output>
          </reporter-output>
        </test-method> <!-- SpicejetFilightSearchWithCurrentDate -->
      </class> <!-- SeleniumAllConceptsiWithTestNG.SpicejetFilightSearchWithCurrentDate -->
      <class name="SeleniumAllConceptsiWithTestNG.CountOfLinksInPage">
        <test-method status="PASS" signature="CountOfLinksInPage()[pri:0, instance:SeleniumAllConceptsiWithTestNG.CountOfLinksInPage@30a3107a]" name="CountOfLinksInPage" duration-ms="34138" started-at="2021-03-05T01:20:58 IST" finished-at="2021-03-05T01:21:32 IST">
          <reporter-output>
          </reporter-output>
        </test-method> <!-- CountOfLinksInPage -->
      </class> <!-- SeleniumAllConceptsiWithTestNG.CountOfLinksInPage -->
      <class name="SeleniumAllConceptsiWithTestNG.AutoSuggestiveDropDown">
        <test-method status="FAIL" signature="AutoSuggestiveDropDown()[pri:0, instance:SeleniumAllConceptsiWithTestNG.AutoSuggestiveDropDown@4b553d26]" name="AutoSuggestiveDropDown" duration-ms="15369" started-at="2021-03-05T01:24:37 IST" finished-at="2021-03-05T01:24:53 IST">
          <exception class="org.openqa.selenium.NoSuchElementException">
            <message>
              <![CDATA[no such element: Unable to locate element: {"method":"xpath","selector":"//input[@type='text' and @placeholder='From']"}
  (Session info: chrome=88.0.4324.190)
For documentation on this error, please visit: https://www.seleniumhq.org/exceptions/no_such_element.html
Build info: version: '3.141.59', revision: 'e82be7d358', time: '2018-11-14T08:17:03'
System info: host: 'DESKTOP-1T2AMDB', ip: '192.168.0.4', os.name: 'Windows 10', os.arch: 'amd64', os.version: '10.0', java.version: '1.8.0_251'
Driver info: org.openqa.selenium.chrome.ChromeDriver
Capabilities {acceptInsecureCerts: false, browserName: chrome, browserVersion: 88.0.4324.190, chrome: {chromedriverVersion: 88.0.4324.96 (68dba2d8a0b14..., userDataDir: C:\Users\YashPooja\AppData\...}, goog:chromeOptions: {debuggerAddress: localhost:52722}, javascriptEnabled: true, networkConnectionEnabled: false, pageLoadStrategy: normal, platform: WINDOWS, platformName: WINDOWS, proxy: Proxy(), setWindowRect: true, strictFileInteractability: false, timeouts: {implicit: 0, pageLoad: 300000, script: 30000}, unhandledPromptBehavior: dismiss and notify, webauthn:extension:largeBlob: true, webauthn:virtualAuthenticators: true}
Session ID: 8c5f145d64e780dd63b0bf7b59490928
*** Element info: {Using=xpath, value=//input[@type='text' and @placeholder='From']}]]>
            </message>
            <full-stacktrace>
              <![CDATA[org.openqa.selenium.NoSuchElementException: no such element: Unable to locate element: {"method":"xpath","selector":"//input[@type='text' and @placeholder='From']"}
  (Session info: chrome=88.0.4324.190)
For documentation on this error, please visit: https://www.seleniumhq.org/exceptions/no_such_element.html
Build info: version: '3.141.59', revision: 'e82be7d358', time: '2018-11-14T08:17:03'
System info: host: 'DESKTOP-1T2AMDB', ip: '192.168.0.4', os.name: 'Windows 10', os.arch: 'amd64', os.version: '10.0', java.version: '1.8.0_251'
Driver info: org.openqa.selenium.chrome.ChromeDriver
Capabilities {acceptInsecureCerts: false, browserName: chrome, browserVersion: 88.0.4324.190, chrome: {chromedriverVersion: 88.0.4324.96 (68dba2d8a0b14..., userDataDir: C:\Users\YashPooja\AppData\...}, goog:chromeOptions: {debuggerAddress: localhost:52722}, javascriptEnabled: true, networkConnectionEnabled: false, pageLoadStrategy: normal, platform: WINDOWS, platformName: WINDOWS, proxy: Proxy(), setWindowRect: true, strictFileInteractability: false, timeouts: {implicit: 0, pageLoad: 300000, script: 30000}, unhandledPromptBehavior: dismiss and notify, webauthn:extension:largeBlob: true, webauthn:virtualAuthenticators: true}
Session ID: 8c5f145d64e780dd63b0bf7b59490928
*** Element info: {Using=xpath, value=//input[@type='text' and @placeholder='From']}
at sun.reflect.NativeConstructorAccessorImpl.newInstance0(Native Method)
at sun.reflect.NativeConstructorAccessorImpl.newInstance(NativeConstructorAccessorImpl.java:62)
at sun.reflect.DelegatingConstructorAccessorImpl.newInstance(DelegatingConstructorAccessorImpl.java:45)
at java.lang.reflect.Constructor.newInstance(Constructor.java:423)
at org.openqa.selenium.remote.http.W3CHttpResponseCodec.createException(W3CHttpResponseCodec.java:187)
at org.openqa.selenium.remote.http.W3CHttpResponseCodec.decode(W3CHttpResponseCodec.java:122)
at org.openqa.selenium.remote.http.W3CHttpResponseCodec.decode(W3CHttpResponseCodec.java:49)
at org.openqa.selenium.remote.HttpCommandExecutor.execute(HttpCommandExecutor.java:158)
at org.openqa.selenium.remote.service.DriverCommandExecutor.execute(DriverCommandExecutor.java:83)
at org.openqa.selenium.remote.RemoteWebDriver.execute(RemoteWebDriver.java:552)
at org.openqa.selenium.remote.RemoteWebDriver.findElement(RemoteWebDriver.java:323)
at org.openqa.selenium.remote.RemoteWebDriver.findElementByXPath(RemoteWebDriver.java:428)
at org.openqa.selenium.By$ByXPath.findElement(By.java:353)
at org.openqa.selenium.remote.RemoteWebDriver.findElement(RemoteWebDriver.java:315)
at SeleniumAllConceptsiWithTestNG.AutoSuggestiveDropDown.AutoSuggestiveDropDown(AutoSuggestiveDropDown.java:29)
at sun.reflect.NativeMethodAccessorImpl.invoke0(Native Method)
at sun.reflect.NativeMethodAccessorImpl.invoke(NativeMethodAccessorImpl.java:62)
at sun.reflect.DelegatingMethodAccessorImpl.invoke(DelegatingMethodAccessorImpl.java:43)
at java.lang.reflect.Method.invoke(Method.java:498)
at org.testng.internal.MethodInvocationHelper.invokeMethod(MethodInvocationHelper.java:135)
at org.testng.internal.TestInvoker.invokeMethod(TestInvoker.java:598)
at org.testng.internal.TestInvoker.invokeTestMethod(TestInvoker.java:174)
at org.testng.internal.MethodRunner.runInSequence(MethodRunner.java:46)
at org.testng.internal.TestInvoker$MethodInvocationAgent.invoke(TestInvoker.java:821)
at org.testng.internal.TestInvoker.invokeTestMethods(TestInvoker.java:147)
at org.testng.internal.TestMethodWorker.invokeTestMethods(TestMethodWorker.java:146)
at org.testng.internal.TestMethodWorker.run(TestMethodWorker.java:128)
at java.util.ArrayList.forEach(ArrayList.java:1257)
at org.testng.TestRunner.privateRun(TestRunner.java:767)
at org.testng.TestRunner.run(TestRunner.java:588)
at org.testng.SuiteRunner.runTest(SuiteRunner.java:384)
at org.testng.SuiteRunner.runSequentially(SuiteRunner.java:378)
at org.testng.SuiteRunner.privateRun(SuiteRunner.java:337)
at org.testng.SuiteRunner.run(SuiteRunner.java:286)
at org.testng.SuiteRunnerWorker.runSuite(SuiteRunnerWorker.java:53)
at org.testng.SuiteRunnerWorker.run(SuiteRunnerWorker.java:96)
at org.testng.TestNG.runSuitesSequentially(TestNG.java:1214)
at org.testng.TestNG.runSuitesLocally(TestNG.java:1136)
at org.testng.TestNG.runSuites(TestNG.java:1066)
at org.testng.TestNG.run(TestNG.java:1034)
at org.testng.remote.AbstractRemoteTestNG.run(AbstractRemoteTestNG.java:115)
at org.testng.remote.RemoteTestNG.initAndRun(RemoteTestNG.java:251)
at org.testng.remote.RemoteTestNG.main(RemoteTestNG.java:77)
]]>
            </full-stacktrace>
          </exception> <!-- org.openqa.selenium.NoSuchElementException -->
          <reporter-output>
          </reporter-output>
        </test-method> <!-- AutoSuggestiveDropDown -->
      </class> <!-- SeleniumAllConceptsiWithTestNG.AutoSuggestiveDropDown -->
      <class name="SeleniumAllConceptsiWithTestNG.FluentWaitConcept">
        <test-method status="PASS" signature="FluentWaitConcept()[pri:0, instance:SeleniumAllConceptsiWithTestNG.FluentWaitConcept@52feb982]" name="FluentWaitConcept" duration-ms="19190" started-at="2021-03-05T01:22:19 IST" finished-at="2021-03-05T01:22:38 IST">
          <reporter-output>
          </reporter-output>
        </test-method> <!-- FluentWaitConcept -->
      </class> <!-- SeleniumAllConceptsiWithTestNG.FluentWaitConcept -->
      <class name="SeleniumAllConceptsiWithTestNG.HandilingMultipleWindows">
        <test-method status="FAIL" signature="HandilingMultipleWindows([Ljava.lang.String;)[pri:0, instance:SeleniumAllConceptsiWithTestNG.HandilingMultipleWindows@2a556333]" name="HandilingMultipleWindows" duration-ms="0" started-at="2021-03-05T01:26:24 IST" finished-at="2021-03-05T01:26:24 IST">
          <exception class="org.testng.TestNGException">
            <message>
              <![CDATA[
Cannot inject @Test annotated Method [HandilingMultipleWindows] with [class [Ljava.lang.String;].
For more information on native dependency injection please refer to https://testng.org/doc/documentation-main.html#native-dependency-injection]]>
            </message>
            <full-stacktrace>
              <![CDATA[org.testng.TestNGException: 
Cannot inject @Test annotated Method [HandilingMultipleWindows] with [class [Ljava.lang.String;].
For more information on native dependency injection please refer to https://testng.org/doc/documentation-main.html#native-dependency-injection
at org.testng.internal.Parameters.checkParameterTypes(Parameters.java:437)
at org.testng.internal.Parameters.createParametersForMethod(Parameters.java:351)
at org.testng.internal.Parameters.createParameters(Parameters.java:708)
at org.testng.internal.Parameters.handleParameters(Parameters.java:875)
at org.testng.internal.Parameters.handleParameters(Parameters.java:740)
at org.testng.internal.ParameterHandler.handleParameters(ParameterHandler.java:59)
at org.testng.internal.ParameterHandler.createParameters(ParameterHandler.java:38)
at org.testng.internal.TestInvoker$MethodInvocationAgent.invoke(TestInvoker.java:788)
at org.testng.internal.TestInvoker.invokeTestMethods(TestInvoker.java:147)
at org.testng.internal.TestMethodWorker.invokeTestMethods(TestMethodWorker.java:146)
at org.testng.internal.TestMethodWorker.run(TestMethodWorker.java:128)
at java.util.ArrayList.forEach(ArrayList.java:1257)
at org.testng.TestRunner.privateRun(TestRunner.java:767)
at org.testng.TestRunner.run(TestRunner.java:588)
at org.testng.SuiteRunner.runTest(SuiteRunner.java:384)
at org.testng.SuiteRunner.runSequentially(SuiteRunner.java:378)
at org.testng.SuiteRunner.privateRun(SuiteRunner.java:337)
at org.testng.SuiteRunner.run(SuiteRunner.java:286)
at org.testng.SuiteRunnerWorker.runSuite(SuiteRunnerWorker.java:53)
at org.testng.SuiteRunnerWorker.run(SuiteRunnerWorker.java:96)
at org.testng.TestNG.runSuitesSequentially(TestNG.java:1214)
at org.testng.TestNG.runSuitesLocally(TestNG.java:1136)
at org.testng.TestNG.runSuites(TestNG.java:1066)
at org.testng.TestNG.run(TestNG.java:1034)
at org.testng.remote.AbstractRemoteTestNG.run(AbstractRemoteTestNG.java:115)
at org.testng.remote.RemoteTestNG.initAndRun(RemoteTestNG.java:251)
at org.testng.remote.RemoteTestNG.main(RemoteTestNG.java:77)
]]>
            </full-stacktrace>
          </exception> <!-- org.testng.TestNGException -->
          <reporter-output>
          </reporter-output>
        </test-method> <!-- HandilingMultipleWindows -->
      </class> <!-- SeleniumAllConceptsiWithTestNG.HandilingMultipleWindows -->
      <class name="SeleniumAllConceptsiWithTestNG.Facebooklogin">
        <test-method status="FAIL" signature="Facebooklogin()[pri:0, instance:SeleniumAllConceptsiWithTestNG.Facebooklogin@34c4973]" name="Facebooklogin" duration-ms="7432" started-at="2021-03-05T01:22:11 IST" finished-at="2021-03-05T01:22:19 IST">
          <exception class="org.openqa.selenium.NoSuchElementException">
            <message>
              <![CDATA[no such element: Unable to locate element: {"method":"css selector","selector":"#u_0_b"}
  (Session info: chrome=88.0.4324.190)
For documentation on this error, please visit: https://www.seleniumhq.org/exceptions/no_such_element.html
Build info: version: '3.141.59', revision: 'e82be7d358', time: '2018-11-14T08:17:03'
System info: host: 'DESKTOP-1T2AMDB', ip: '192.168.0.4', os.name: 'Windows 10', os.arch: 'amd64', os.version: '10.0', java.version: '1.8.0_251'
Driver info: org.openqa.selenium.chrome.ChromeDriver
Capabilities {acceptInsecureCerts: false, browserName: chrome, browserVersion: 88.0.4324.190, chrome: {chromedriverVersion: 88.0.4324.96 (68dba2d8a0b14..., userDataDir: C:\Users\YashPooja\AppData\...}, goog:chromeOptions: {debuggerAddress: localhost:51879}, javascriptEnabled: true, networkConnectionEnabled: false, pageLoadStrategy: normal, platform: WINDOWS, platformName: WINDOWS, proxy: Proxy(), setWindowRect: true, strictFileInteractability: false, timeouts: {implicit: 0, pageLoad: 300000, script: 30000}, unhandledPromptBehavior: dismiss and notify, webauthn:extension:largeBlob: true, webauthn:virtualAuthenticators: true}
Session ID: c3c2598d0b738391b832f4d640edba93
*** Element info: {Using=id, value=u_0_b}]]>
            </message>
            <full-stacktrace>
              <![CDATA[org.openqa.selenium.NoSuchElementException: no such element: Unable to locate element: {"method":"css selector","selector":"#u_0_b"}
  (Session info: chrome=88.0.4324.190)
For documentation on this error, please visit: https://www.seleniumhq.org/exceptions/no_such_element.html
Build info: version: '3.141.59', revision: 'e82be7d358', time: '2018-11-14T08:17:03'
System info: host: 'DESKTOP-1T2AMDB', ip: '192.168.0.4', os.name: 'Windows 10', os.arch: 'amd64', os.version: '10.0', java.version: '1.8.0_251'
Driver info: org.openqa.selenium.chrome.ChromeDriver
Capabilities {acceptInsecureCerts: false, browserName: chrome, browserVersion: 88.0.4324.190, chrome: {chromedriverVersion: 88.0.4324.96 (68dba2d8a0b14..., userDataDir: C:\Users\YashPooja\AppData\...}, goog:chromeOptions: {debuggerAddress: localhost:51879}, javascriptEnabled: true, networkConnectionEnabled: false, pageLoadStrategy: normal, platform: WINDOWS, platformName: WINDOWS, proxy: Proxy(), setWindowRect: true, strictFileInteractability: false, timeouts: {implicit: 0, pageLoad: 300000, script: 30000}, unhandledPromptBehavior: dismiss and notify, webauthn:extension:largeBlob: true, webauthn:virtualAuthenticators: true}
Session ID: c3c2598d0b738391b832f4d640edba93
*** Element info: {Using=id, value=u_0_b}
at sun.reflect.NativeConstructorAccessorImpl.newInstance0(Native Method)
at sun.reflect.NativeConstructorAccessorImpl.newInstance(NativeConstructorAccessorImpl.java:62)
at sun.reflect.DelegatingConstructorAccessorImpl.newInstance(DelegatingConstructorAccessorImpl.java:45)
at java.lang.reflect.Constructor.newInstance(Constructor.java:423)
at org.openqa.selenium.remote.http.W3CHttpResponseCodec.createException(W3CHttpResponseCodec.java:187)
at org.openqa.selenium.remote.http.W3CHttpResponseCodec.decode(W3CHttpResponseCodec.java:122)
at org.openqa.selenium.remote.http.W3CHttpResponseCodec.decode(W3CHttpResponseCodec.java:49)
at org.openqa.selenium.remote.HttpCommandExecutor.execute(HttpCommandExecutor.java:158)
at org.openqa.selenium.remote.service.DriverCommandExecutor.execute(DriverCommandExecutor.java:83)
at org.openqa.selenium.remote.RemoteWebDriver.execute(RemoteWebDriver.java:552)
at org.openqa.selenium.remote.RemoteWebDriver.findElement(RemoteWebDriver.java:323)
at org.openqa.selenium.remote.RemoteWebDriver.findElementById(RemoteWebDriver.java:372)
at org.openqa.selenium.By$ById.findElement(By.java:188)
at org.openqa.selenium.remote.RemoteWebDriver.findElement(RemoteWebDriver.java:315)
at SeleniumAllConceptsiWithTestNG.Facebooklogin.Facebooklogin(Facebooklogin.java:24)
at sun.reflect.NativeMethodAccessorImpl.invoke0(Native Method)
at sun.reflect.NativeMethodAccessorImpl.invoke(NativeMethodAccessorImpl.java:62)
at sun.reflect.DelegatingMethodAccessorImpl.invoke(DelegatingMethodAccessorImpl.java:43)
at java.lang.reflect.Method.invoke(Method.java:498)
at org.testng.internal.MethodInvocationHelper.invokeMethod(MethodInvocationHelper.java:135)
at org.testng.internal.TestInvoker.invokeMethod(TestInvoker.java:598)
at org.testng.internal.TestInvoker.invokeTestMethod(TestInvoker.java:174)
at org.testng.internal.MethodRunner.runInSequence(MethodRunner.java:46)
at org.testng.internal.TestInvoker$MethodInvocationAgent.invoke(TestInvoker.java:821)
at org.testng.internal.TestInvoker.invokeTestMethods(TestInvoker.java:147)
at org.testng.internal.TestMethodWorker.invokeTestMethods(TestMethodWorker.java:146)
at org.testng.internal.TestMethodWorker.run(TestMethodWorker.java:128)
at java.util.ArrayList.forEach(ArrayList.java:1257)
at org.testng.TestRunner.privateRun(TestRunner.java:767)
at org.testng.TestRunner.run(TestRunner.java:588)
at org.testng.SuiteRunner.runTest(SuiteRunner.java:384)
at org.testng.SuiteRunner.runSequentially(SuiteRunner.java:378)
at org.testng.SuiteRunner.privateRun(SuiteRunner.java:337)
at org.testng.SuiteRunner.run(SuiteRunner.java:286)
at org.testng.SuiteRunnerWorker.runSuite(SuiteRunnerWorker.java:53)
at org.testng.SuiteRunnerWorker.run(SuiteRunnerWorker.java:96)
at org.testng.TestNG.runSuitesSequentially(TestNG.java:1214)
at org.testng.TestNG.runSuitesLocally(TestNG.java:1136)
at org.testng.TestNG.runSuites(TestNG.java:1066)
at org.testng.TestNG.run(TestNG.java:1034)
at org.testng.remote.AbstractRemoteTestNG.run(AbstractRemoteTestNG.java:115)
at org.testng.remote.RemoteTestNG.initAndRun(RemoteTestNG.java:251)
at org.testng.remote.RemoteTestNG.main(RemoteTestNG.java:77)
]]>
            </full-stacktrace>
          </exception> <!-- org.openqa.selenium.NoSuchElementException -->
          <reporter-output>
          </reporter-output>
        </test-method> <!-- Facebooklogin -->
      </class> <!-- SeleniumAllConceptsiWithTestNG.Facebooklogin -->
      <class name="SeleniumAllConceptsiWithTestNG.XpathSession">
        <test-method status="PASS" signature="XpathSession()[pri:0, instance:SeleniumAllConceptsiWithTestNG.XpathSession@2f943d71]" name="XpathSession" duration-ms="16699" started-at="2021-03-05T01:24:21 IST" finished-at="2021-03-05T01:24:37 IST">
          <reporter-output>
          </reporter-output>
        </test-method> <!-- XpathSession -->
      </class> <!-- SeleniumAllConceptsiWithTestNG.XpathSession -->
      <class name="SeleniumAllConceptsiWithTestNG.TableColumnSorting">
        <test-method status="PASS" signature="TableColumnSorting()[pri:0, instance:SeleniumAllConceptsiWithTestNG.TableColumnSorting@3043fe0e]" name="TableColumnSorting" duration-ms="14347" started-at="2021-03-05T01:23:28 IST" finished-at="2021-03-05T01:23:42 IST">
          <reporter-output>
          </reporter-output>
        </test-method> <!-- TableColumnSorting -->
      </class> <!-- SeleniumAllConceptsiWithTestNG.TableColumnSorting -->
      <class name="SeleniumAllConceptsiWithTestNG.DynamicDropDown">
        <test-method status="PASS" signature="DynamicDropDown()[pri:0, instance:SeleniumAllConceptsiWithTestNG.DynamicDropDown@480bdb19]" name="DynamicDropDown" duration-ms="46092" started-at="2021-03-05T01:25:38 IST" finished-at="2021-03-05T01:26:24 IST">
          <reporter-output>
          </reporter-output>
        </test-method> <!-- DynamicDropDown -->
      </class> <!-- SeleniumAllConceptsiWithTestNG.DynamicDropDown -->
      <class name="SeleniumAllConceptsiWithTestNG.FramesDemo">
        <test-method status="PASS" signature="FramesDemo()[pri:0, instance:SeleniumAllConceptsiWithTestNG.FramesDemo@7a765367]" name="FramesDemo" duration-ms="10124" started-at="2021-03-05T01:22:38 IST" finished-at="2021-03-05T01:22:48 IST">
          <reporter-output>
          </reporter-output>
        </test-method> <!-- FramesDemo -->
      </class> <!-- SeleniumAllConceptsiWithTestNG.FramesDemo -->
      <class name="SeleniumAllConceptsiWithTestNG.Demo">
        <test-method status="PASS" signature="Demo()[pri:0, instance:SeleniumAllConceptsiWithTestNG.Demo@7a1ebcd8]" name="Demo" duration-ms="22793" started-at="2021-03-05T01:19:06 IST" finished-at="2021-03-05T01:19:29 IST">
          <reporter-output>
          </reporter-output>
        </test-method> <!-- Demo -->
      </class> <!-- SeleniumAllConceptsiWithTestNG.Demo -->
    </test> <!-- Should Pass -->
  </suite> <!-- Practice for all individual concepts -->
</testng-results>
